Using pre-set license
Built from '2023.2/staging' branch; Version is '2023.2.16f1 (7f45223012db) revision 8340770'; Using compiler version '193431935'; Build Type 'Release'
OS: 'Windows 11  (10.0.22631) 64bit CoreSingleLanguage' Language: 'en' Physical Memory: 16219 MB
BatchMode: 1, IsHumanControllingUs: 0, StartBugReporterOnCrash: 0, Is64bit: 1, IsPro: 1

COMMAND LINE ARGUMENTS:
S:\Unity Editor\2023.2.16f1\Editor\Unity.exe
-adb2
-batchMode
-noUpm
-name
AssetImportWorker8
-projectPath
S:/Repositories/Seatwork-1-APDEV
-logFile
Logs/AssetImportWorker8.log
-srvPort
51547
-job-worker-count
7
-background-job-worker-count
8
-asset-garbage-collectors
1
Successfully changed project path to: S:/Repositories/Seatwork-1-APDEV
S:/Repositories/Seatwork-1-APDEV
[UnityMemory] Configuration Parameters - Can be set up in boot.config
    "memorysetup-bucket-allocator-granularity=16"
    "memorysetup-bucket-allocator-bucket-count=8"
    "memorysetup-bucket-allocator-block-size=33554432"
    "memorysetup-bucket-allocator-block-count=8"
    "memorysetup-main-allocator-block-size=16777216"
    "memorysetup-thread-allocator-block-size=16777216"
    "memorysetup-gfx-main-allocator-block-size=16777216"
    "memorysetup-gfx-thread-allocator-block-size=16777216"
    "memorysetup-cache-allocator-block-size=4194304"
    "memorysetup-typetree-allocator-block-size=2097152"
    "memorysetup-profiler-bucket-allocator-granularity=16"
    "memorysetup-profiler-bucket-allocator-bucket-count=8"
    "memorysetup-profiler-bucket-allocator-block-size=33554432"
    "memorysetup-profiler-bucket-allocator-block-count=8"
    "memorysetup-profiler-allocator-block-size=16777216"
    "memorysetup-profiler-editor-allocator-block-size=1048576"
    "memorysetup-temp-allocator-size-main=16777216"
    "memorysetup-job-temp-allocator-block-size=2097152"
    "memorysetup-job-temp-allocator-block-size-background=1048576"
    "memorysetup-job-temp-allocator-reduction-small-platforms=262144"
    "memorysetup-allocator-temp-initial-block-size-main=262144"
    "memorysetup-allocator-temp-initial-block-size-worker=262144"
    "memorysetup-temp-allocator-size-background-worker=32768"
    "memorysetup-temp-allocator-size-job-worker=262144"
    "memorysetup-temp-allocator-size-preload-manager=33554432"
    "memorysetup-temp-allocator-size-nav-mesh-worker=65536"
    "memorysetup-temp-allocator-size-audio-worker=65536"
    "memorysetup-temp-allocator-size-cloud-worker=32768"
    "memorysetup-temp-allocator-size-gi-baking-worker=262144"
    "memorysetup-temp-allocator-size-gi-baking-worker=262144"
    "memorysetup-temp-allocator-size-gi-baking-worker=262144"
    "memorysetup-temp-allocator-size-gi-baking-worker=262144"
    "memorysetup-temp-allocator-size-gfx=262144"
Player connection [6124] Host "[IP] 192.168.1.6 [Port] 0 [Flags] 2 [Guid] 1734422583 [EditorId] 1734422583 [Version] 1048832 [Id] WindowsEditor(7,LAPTOP-1MODOC2S) [Debug] 1 [PackageName] WindowsEditor [ProjectName] Editor" joined multi-casting on [225.0.0.222:54997]...
Player connection [6124] Host "[IP] 192.168.1.6 [Port] 0 [Flags] 2 [Guid] 1734422583 [EditorId] 1734422583 [Version] 1048832 [Id] WindowsEditor(7,LAPTOP-1MODOC2S) [Debug] 1 [PackageName] WindowsEditor [ProjectName] Editor" joined alternative multi-casting on [225.0.0.222:34997]...
JobSystem: Creating JobQueue using job-worker-count value 7
[Physics::Module] Initialized MultithreadedJobDispatcher with 7 workers.
Library Redirect Path: Library/
Refreshing native plugins compatible for Editor in 2.34 ms, found 3 plugins.
Preloading 0 native plugins for Editor in 0.00 ms.
Initialize engine version: 2023.2.16f1 (7f45223012db)
[Subsystems] Discovering subsystems at path S:/Unity Editor/2023.2.16f1/Editor/Data/Resources/UnitySubsystems
[Subsystems] Discovering subsystems at path S:/Repositories/Seatwork-1-APDEV/Assets
GfxDevice: creating device client; kGfxThreadingModeNonThreaded
Direct3D:
    Version:  Direct3D 11.0 [level 11.1]
    Renderer: NVIDIA GeForce GTX 1650 Ti (ID=0x1f95)
    Vendor:   NVIDIA
    VRAM:     3935 MB
    Driver:   32.0.15.5585
Initialize mono
Mono path[0] = 'S:/Unity Editor/2023.2.16f1/Editor/Data/Managed'
Mono path[1] = 'S:/Unity Editor/2023.2.16f1/Editor/Data/MonoBleedingEdge/lib/mono/unityjit-win32'
Mono config path = 'S:/Unity Editor/2023.2.16f1/Editor/Data/MonoBleedingEdge/etc'
Using monoOptions --debugger-agent=transport=dt_socket,embedding=1,server=y,suspend=n,address=127.0.0.1:56568
Begin MonoManager ReloadAssembly
C:\build\output\Unity-Technologies\mono\mono\metadata\icall.c:1842:
C:\build\output\Unity-Technologies\mono\mono\metadata\icall.c:1842:
C:\build\output\Unity-Technologies\mono\mono\metadata\icall.c:1842:
C:\build\output\Unity-Technologies\mono\mono\metadata\icall.c:1842:
C:\build\output\Unity-Technologies\mono\mono\metadata\icall.c:1842:
C:\build\output\Unity-Technologies\mono\mono\metadata\icall.c:1842:
C:\build\output\Unity-Technologies\mono\mono\metadata\icall.c:1842:
C:\build\output\Unity-Technologies\mono\mono\metadata\icall.c:1842:
C:\build\output\Unity-Technologies\mono\mono\metadata\icall.c:1842:
C:\build\output\Unity-Technologies\mono\mono\metadata\icall.c:1842:
Registering precompiled unity dll's ...
Register platform support module: S:/Unity Editor/2023.2.16f1/Editor/Data/PlaybackEngines/WindowsStandaloneSupport/UnityEditor.WindowsStandalone.Extensions.dll
Register platform support module: S:/Unity Editor/2023.2.16f1/Editor/Data/PlaybackEngines/AndroidPlayer/UnityEditor.Android.Extensions.dll
Register platform support module: S:/Unity Editor/2023.2.16f1/Editor/Data/PlaybackEngines/iOSSupport/UnityEditor.iOS.Extensions.dll
Registered in 0.004914 seconds.
- Loaded All Assemblies, in  0.532 seconds
[usbmuxd] Start listen thread
[usbmuxd] Listen thread started
Native extension for iOS target not found
Native extension for Android target not found
Android Extension - Scanning For ADB Devices 380 ms
Native extension for WindowsStandalone target not found
Mono: successfully reloaded assembly
C:\build\output\Unity-Technologies\mono\mono\metadata\icall.c:1842:
C:\build\output\Unity-Technologies\mono\mono\metadata\icall.c:1842:
- Finished resetting the current domain, in  0.878 seconds
Domain Reload Profiling: 1410ms
	BeginReloadAssembly (166ms)
		ExecutionOrderSort (0ms)
		DisableScriptedObjects (0ms)
		BackupInstance (0ms)
		ReleaseScriptingObjects (0ms)
		CreateAndSetChildDomain (1ms)
	RebuildCommonClasses (50ms)
	RebuildNativeTypeToScriptingClass (15ms)
	initialDomainReloadingComplete (61ms)
	LoadAllAssembliesAndSetupDomain (239ms)
		LoadAssemblies (166ms)
		RebuildTransferFunctionScriptingTraits (0ms)
		AnalyzeDomain (234ms)
			TypeCache.Refresh (233ms)
				TypeCache.ScanAssembly (212ms)
			BuildScriptInfoCaches (0ms)
			ResolveRequiredComponents (0ms)
	FinalizeReload (879ms)
		ReleaseScriptCaches (0ms)
		RebuildScriptCaches (0ms)
		SetupLoadedEditorAssemblies (805ms)
			LogAssemblyErrors (0ms)
			InitializePlatformSupportModulesInManaged (513ms)
			SetLoadedEditorAssemblies (6ms)
			BeforeProcessingInitializeOnLoad (10ms)
			ProcessInitializeOnLoadAttributes (204ms)
			ProcessInitializeOnLoadMethodAttributes (72ms)
			AfterProcessingInitializeOnLoad (0ms)
			EditorAssembliesLoaded (0ms)
		ExecutionOrderSort2 (0ms)
		AwakeInstancesAfterBackupRestoration (0ms)
========================================================================
Worker process is ready to serve import requests
Import Worker Mode flag is 0x00
Begin MonoManager ReloadAssembly
C:\build\output\Unity-Technologies\mono\mono\metadata\icall.c:1842:
C:\build\output\Unity-Technologies\mono\mono\metadata\icall.c:1842:
C:\build\output\Unity-Technologies\mono\mono\metadata\icall.c:1842:
C:\build\output\Unity-Technologies\mono\mono\metadata\icall.c:1842:
C:\build\output\Unity-Technologies\mono\mono\metadata\icall.c:1842:
C:\build\output\Unity-Technologies\mono\mono\metadata\icall.c:1842:
C:\build\output\Unity-Technologies\mono\mono\metadata\icall.c:1842:
C:\build\output\Unity-Technologies\mono\mono\metadata\icall.c:1842:
C:\build\output\Unity-Technologies\mono\mono\metadata\icall.c:1842:
C:\build\output\Unity-Technologies\mono\mono\metadata\icall.c:1842:
C:\build\output\Unity-Technologies\mono\mono\metadata\icall.c:1842:
C:\build\output\Unity-Technologies\mono\mono\metadata\icall.c:1842:
Symbol file LoadedFromMemory doesn't match image S:\Repositories\Seatwork-1-APDEV\Library\PackageCache\com.unity.visualscripting@1.8.0\Editor\VisualScripting.Core\Dependencies\YamlDotNet\Unity.VisualScripting.YamlDotNet.dll
Symbol file LoadedFromMemory doesn't match image S:\Repositories\Seatwork-1-APDEV\Library\PackageCache\com.unity.visualscripting@1.8.0\Editor\VisualScripting.Core\Dependencies\DotNetZip\Unity.VisualScripting.IonicZip.dll
- Loaded All Assemblies, in  0.936 seconds
Refreshing native plugins compatible for Editor in 2.64 ms, found 3 plugins.
Native extension for iOS target not found
Native extension for Android target not found
Native extension for WindowsStandalone target not found
Mono: successfully reloaded assembly
Package Manager log level set to [2]
[Package Manager] Failed to launch server process. Reason: Unity was launched with the -noUpm command-line argument
[Package Manager] Unable to send message (not connected to server process).
[Package Manager] Cannot connect to Unity Package Manager local server
[Package Manager] Failed to launch server process. Reason: Unity was launched with the -noUpm command-line argument
[Package Manager] Unable to send message (not connected to server process).
[Package Manager] Cannot connect to Unity Package Manager local server
- Finished resetting the current domain, in  0.849 seconds
Domain Reload Profiling: 1784ms
	BeginReloadAssembly (382ms)
		ExecutionOrderSort (0ms)
		DisableScriptedObjects (7ms)
		BackupInstance (0ms)
		ReleaseScriptingObjects (0ms)
		CreateAndSetChildDomain (47ms)
	RebuildCommonClasses (44ms)
	RebuildNativeTypeToScriptingClass (17ms)
	initialDomainReloadingComplete (38ms)
	LoadAllAssembliesAndSetupDomain (455ms)
		LoadAssemblies (364ms)
		RebuildTransferFunctionScriptingTraits (0ms)
		AnalyzeDomain (217ms)
			TypeCache.Refresh (181ms)
				TypeCache.ScanAssembly (154ms)
			BuildScriptInfoCaches (27ms)
			ResolveRequiredComponents (5ms)
	FinalizeReload (849ms)
		ReleaseScriptCaches (0ms)
		RebuildScriptCaches (0ms)
		SetupLoadedEditorAssemblies (553ms)
			LogAssemblyErrors (0ms)
			InitializePlatformSupportModulesInManaged (32ms)
			SetLoadedEditorAssemblies (7ms)
			BeforeProcessingInitializeOnLoad (52ms)
			ProcessInitializeOnLoadAttributes (432ms)
			ProcessInitializeOnLoadMethodAttributes (29ms)
			AfterProcessingInitializeOnLoad (2ms)
			EditorAssembliesLoaded (0ms)
		ExecutionOrderSort2 (0ms)
		AwakeInstancesAfterBackupRestoration (11ms)
Launched and connected shader compiler UnityShaderCompiler.exe after 0.02 seconds
Refreshing native plugins compatible for Editor in 3.04 ms, found 3 plugins.
Preloading 0 native plugins for Editor in 0.00 ms.
Unloading 8 Unused Serialized files (Serialized files now loaded: 0)
Unloading 3297 unused Assets / (0.9 MB). Loaded Objects now: 3846.
Memory consumption went from 114.9 MB to 114.0 MB.
Total: 12.232000 ms (FindLiveObjects: 1.024600 ms CreateObjectMapping: 0.877300 ms MarkObjects: 8.254800 ms  DeleteObjects: 2.072200 ms)

========================================================================
Received Import Request.
  Time since last request: 31398.932233 seconds.
  path: Assets/[Resources] Gesture Management [3]/[Resources] Gesture Management [3]/Cards/Materials/h1.mat
  artifactKey: Guid(76edfb2712864284ca20724b301c942e) Importer(815301076,1909f56bfc062723c751e8b465ee728b)
Start importing Assets/[Resources] Gesture Management [3]/[Resources] Gesture Management [3]/Cards/Materials/h1.mat using Guid(76edfb2712864284ca20724b301c942e) Importer(815301076,1909f56bfc062723c751e8b465ee728b) (PreviewImporter) -> (artifact id: '87207786d1e1aec75fafe9fdaa8191bd') in 0.1261266 seconds
Number of updated asset objects reloaded before import = 0Number of asset objects unloaded after import = 2

========================================================================
Received Import Request.
  Time since last request: 4.321902 seconds.
  path: Assets/[Resources] Gesture Management [3]/[Resources] Gesture Management [3]/Cards/Materials/H1.mat
  artifactKey: Guid(76edfb2712864284ca20724b301c942e) Importer(815301076,1909f56bfc062723c751e8b465ee728b)
Start importing Assets/[Resources] Gesture Management [3]/[Resources] Gesture Management [3]/Cards/Materials/H1.mat using Guid(76edfb2712864284ca20724b301c942e) Importer(815301076,1909f56bfc062723c751e8b465ee728b) (PreviewImporter) -> (artifact id: '7f75f5246e2da8f5046ec863ae88da4c') in 0.0158326 seconds
Number of updated asset objects reloaded before import = 0Number of asset objects unloaded after import = 2

========================================================================
Received Import Request.
  Time since last request: 5.656276 seconds.
  path: Assets/[Resources] Gesture Management [3]/[Resources] Gesture Management [3]/Cards/Materials/H2.mat
  artifactKey: Guid(ea7db614bc6d1864ca952c369e24f404) Importer(815301076,1909f56bfc062723c751e8b465ee728b)
Start importing Assets/[Resources] Gesture Management [3]/[Resources] Gesture Management [3]/Cards/Materials/H2.mat using Guid(ea7db614bc6d1864ca952c369e24f404) Importer(815301076,1909f56bfc062723c751e8b465ee728b) (PreviewImporter) -> (artifact id: 'f22d332bc4c453facc6b1f03236495f5') in 0.0170139 seconds
Number of updated asset objects reloaded before import = 0Number of asset objects unloaded after import = 2

========================================================================
Received Import Request.
  Time since last request: 11.761759 seconds.
  path: Assets/[Resources] Gesture Management [3]/[Resources] Gesture Management [3]/Cards/Materials/H3.mat
  artifactKey: Guid(e9317932260c003469e4ba174bf07246) Importer(815301076,1909f56bfc062723c751e8b465ee728b)
Start importing Assets/[Resources] Gesture Management [3]/[Resources] Gesture Management [3]/Cards/Materials/H3.mat using Guid(e9317932260c003469e4ba174bf07246) Importer(815301076,1909f56bfc062723c751e8b465ee728b) (PreviewImporter) -> (artifact id: 'b96fedb7e5f58613f6e777912ac586ff') in 0.0163053 seconds
Number of updated asset objects reloaded before import = 0Number of asset objects unloaded after import = 2

========================================================================
Received Import Request.
  Time since last request: 5.890066 seconds.
  path: Assets/[Resources] Gesture Management [3]/[Resources] Gesture Management [3]/Cards/Materials/H4.mat
  artifactKey: Guid(156313657ce0de849b506875aa1438ed) Importer(815301076,1909f56bfc062723c751e8b465ee728b)
Start importing Assets/[Resources] Gesture Management [3]/[Resources] Gesture Management [3]/Cards/Materials/H4.mat using Guid(156313657ce0de849b506875aa1438ed) Importer(815301076,1909f56bfc062723c751e8b465ee728b) (PreviewImporter) -> (artifact id: '7559094a65ae5ea28ccda68c67406b84') in 0.0141607 seconds
Number of updated asset objects reloaded before import = 0Number of asset objects unloaded after import = 2

========================================================================
Received Import Request.
  Time since last request: 3.159113 seconds.
  path: Assets/[Resources] Gesture Management [3]/[Resources] Gesture Management [3]/Cards/Materials/H5.mat
  artifactKey: Guid(11f015538f7889642900422b51b30f17) Importer(815301076,1909f56bfc062723c751e8b465ee728b)
Start importing Assets/[Resources] Gesture Management [3]/[Resources] Gesture Management [3]/Cards/Materials/H5.mat using Guid(11f015538f7889642900422b51b30f17) Importer(815301076,1909f56bfc062723c751e8b465ee728b) (PreviewImporter) -> (artifact id: '8541ac2d5488aca1fc97686b46440e67') in 0.0158442 seconds
Number of updated asset objects reloaded before import = 0Number of asset objects unloaded after import = 2

========================================================================
Received Import Request.
  Time since last request: 3.488048 seconds.
  path: Assets/[Resources] Gesture Management [3]/[Resources] Gesture Management [3]/Cards/Materials/H6.mat
  artifactKey: Guid(840ab626cca64c64fb9ab9f5b548cd86) Importer(815301076,1909f56bfc062723c751e8b465ee728b)
Start importing Assets/[Resources] Gesture Management [3]/[Resources] Gesture Management [3]/Cards/Materials/H6.mat using Guid(840ab626cca64c64fb9ab9f5b548cd86) Importer(815301076,1909f56bfc062723c751e8b465ee728b) (PreviewImporter) -> (artifact id: 'afa750ccc34feaa3822d5f8df6f44c33') in 0.0129066 seconds
Number of updated asset objects reloaded before import = 0Number of asset objects unloaded after import = 2

========================================================================
Received Import Request.
  Time since last request: 3.623385 seconds.
  path: Assets/[Resources] Gesture Management [3]/[Resources] Gesture Management [3]/Cards/Materials/H7.mat
  artifactKey: Guid(e12cb34a1efcb7b4a9ae0397719d7dcb) Importer(815301076,1909f56bfc062723c751e8b465ee728b)
Start importing Assets/[Resources] Gesture Management [3]/[Resources] Gesture Management [3]/Cards/Materials/H7.mat using Guid(e12cb34a1efcb7b4a9ae0397719d7dcb) Importer(815301076,1909f56bfc062723c751e8b465ee728b) (PreviewImporter) -> (artifact id: '8dfa2d631b0192b646d9212ffc72a7dc') in 0.0161558 seconds
Number of updated asset objects reloaded before import = 0Number of asset objects unloaded after import = 2

========================================================================
Received Import Request.
  Time since last request: 3.687898 seconds.
  path: Assets/[Resources] Gesture Management [3]/[Resources] Gesture Management [3]/Cards/Materials/H8.mat
  artifactKey: Guid(730560904d8724e4c8ecd650a45ceb07) Importer(815301076,1909f56bfc062723c751e8b465ee728b)
Start importing Assets/[Resources] Gesture Management [3]/[Resources] Gesture Management [3]/Cards/Materials/H8.mat using Guid(730560904d8724e4c8ecd650a45ceb07) Importer(815301076,1909f56bfc062723c751e8b465ee728b) (PreviewImporter) -> (artifact id: 'af3614defd5aaa395cbe8b3f0f7fb176') in 0.0133024 seconds
Number of updated asset objects reloaded before import = 0Number of asset objects unloaded after import = 2

========================================================================
Received Import Request.
  Time since last request: 22.109418 seconds.
  path: Assets/[Resources] Gesture Management [3]/[Resources] Gesture Management [3]/Cards/Materials/H10.mat
  artifactKey: Guid(c650838b975bcc445a1f384f24fe71e3) Importer(815301076,1909f56bfc062723c751e8b465ee728b)
Start importing Assets/[Resources] Gesture Management [3]/[Resources] Gesture Management [3]/Cards/Materials/H10.mat using Guid(c650838b975bcc445a1f384f24fe71e3) Importer(815301076,1909f56bfc062723c751e8b465ee728b) (PreviewImporter) -> (artifact id: '067af9d309540b4240328894e0d41919') in 0.014365 seconds
Number of updated asset objects reloaded before import = 0Number of asset objects unloaded after import = 2

========================================================================
Received Import Request.
  Time since last request: 4.576282 seconds.
  path: Assets/[Resources] Gesture Management [3]/[Resources] Gesture Management [3]/Cards/Materials/H9.mat
  artifactKey: Guid(ef2374b505ff7da40a8b4f9aa212c4c1) Importer(815301076,1909f56bfc062723c751e8b465ee728b)
Start importing Assets/[Resources] Gesture Management [3]/[Resources] Gesture Management [3]/Cards/Materials/H9.mat using Guid(ef2374b505ff7da40a8b4f9aa212c4c1) Importer(815301076,1909f56bfc062723c751e8b465ee728b) (PreviewImporter) -> (artifact id: '5be8d7cee6fd965d668aeb6e107efc39') in 0.0142023 seconds
Number of updated asset objects reloaded before import = 0Number of asset objects unloaded after import = 2

========================================================================
Received Import Request.
  Time since last request: 16.665111 seconds.
  path: Assets/[Resources] Gesture Management [3]/[Resources] Gesture Management [3]/Cards/Materials/H11.mat
  artifactKey: Guid(478c5dd933df0b34d86c830e00c9b384) Importer(815301076,1909f56bfc062723c751e8b465ee728b)
Start importing Assets/[Resources] Gesture Management [3]/[Resources] Gesture Management [3]/Cards/Materials/H11.mat using Guid(478c5dd933df0b34d86c830e00c9b384) Importer(815301076,1909f56bfc062723c751e8b465ee728b) (PreviewImporter) -> (artifact id: 'f66651f723487e8d6d827fb9bc9ea03e') in 0.015259 seconds
Number of updated asset objects reloaded before import = 0Number of asset objects unloaded after import = 2

========================================================================
Received Import Request.
  Time since last request: 7.391238 seconds.
  path: Assets/[Resources] Gesture Management [3]/[Resources] Gesture Management [3]/Cards/Materials/H12.mat
  artifactKey: Guid(0b8bf69f9caacf94688d9325d77c14ea) Importer(815301076,1909f56bfc062723c751e8b465ee728b)
Start importing Assets/[Resources] Gesture Management [3]/[Resources] Gesture Management [3]/Cards/Materials/H12.mat using Guid(0b8bf69f9caacf94688d9325d77c14ea) Importer(815301076,1909f56bfc062723c751e8b465ee728b) (PreviewImporter) -> (artifact id: 'd842778db88049b6e5e528e245e97b96') in 0.0142713 seconds
Number of updated asset objects reloaded before import = 0Number of asset objects unloaded after import = 2

========================================================================
Received Import Request.
  Time since last request: 6.689217 seconds.
  path: Assets/[Resources] Gesture Management [3]/[Resources] Gesture Management [3]/Cards/Materials/H13.mat
  artifactKey: Guid(9d3a0f2e75c238b4aa39985f09d565f4) Importer(815301076,1909f56bfc062723c751e8b465ee728b)
Start importing Assets/[Resources] Gesture Management [3]/[Resources] Gesture Management [3]/Cards/Materials/H13.mat using Guid(9d3a0f2e75c238b4aa39985f09d565f4) Importer(815301076,1909f56bfc062723c751e8b465ee728b) (PreviewImporter) -> (artifact id: '8ab9f89948d49807fe2e8cab0bfb19bc') in 0.0148681 seconds
Number of updated asset objects reloaded before import = 0Number of asset objects unloaded after import = 2

========================================================================
Received Import Request.
  Time since last request: 210.044780 seconds.
  path: Assets/[Resources] Gesture Management [3]/[Resources] Gesture Management [3]/Cards/Materials/H1.mat
  artifactKey: Guid(76edfb2712864284ca20724b301c942e) Importer(815301076,1909f56bfc062723c751e8b465ee728b)
Start importing Assets/[Resources] Gesture Management [3]/[Resources] Gesture Management [3]/Cards/Materials/H1.mat using Guid(76edfb2712864284ca20724b301c942e) Importer(815301076,1909f56bfc062723c751e8b465ee728b) (PreviewImporter) -> (artifact id: 'cab854207e7381991d38337598e7623f') in 0.0196831 seconds
Number of updated asset objects reloaded before import = 0Number of asset objects unloaded after import = 2

========================================================================
Received Import Request.
  Time since last request: 0.000253 seconds.
  path: Assets/[Resources] Gesture Management [3]/[Resources] Gesture Management [3]/Cards/Materials/H3 1.mat
  artifactKey: Guid(2634c61575c698548ad79e3556365ce2) Importer(815301076,1909f56bfc062723c751e8b465ee728b)
Start importing Assets/[Resources] Gesture Management [3]/[Resources] Gesture Management [3]/Cards/Materials/H3 1.mat using Guid(2634c61575c698548ad79e3556365ce2) Importer(815301076,1909f56bfc062723c751e8b465ee728b) (PreviewImporter) -> (artifact id: 'fc8037818f9a4c98d3741c5b18432337') in 0.0205469 seconds
Number of updated asset objects reloaded before import = 0Number of asset objects unloaded after import = 2

========================================================================
Received Import Request.
  Time since last request: 0.000025 seconds.
  path: Assets/[Resources] Gesture Management [3]/[Resources] Gesture Management [3]/Cards/Materials/H8.mat
  artifactKey: Guid(730560904d8724e4c8ecd650a45ceb07) Importer(815301076,1909f56bfc062723c751e8b465ee728b)
Start importing Assets/[Resources] Gesture Management [3]/[Resources] Gesture Management [3]/Cards/Materials/H8.mat using Guid(730560904d8724e4c8ecd650a45ceb07) Importer(815301076,1909f56bfc062723c751e8b465ee728b) (PreviewImporter) -> (artifact id: 'dfa8e536c857a2e460883ba0e6cf642c') in 0.0203295 seconds
Number of updated asset objects reloaded before import = 0Number of asset objects unloaded after import = 2

========================================================================
Received Import Request.
  Time since last request: 0.000092 seconds.
  path: Assets/[Resources] Gesture Management [3]/[Resources] Gesture Management [3]/Cards/Materials/H8 1.mat
  artifactKey: Guid(802e4fe805a7e2b42a00a79e295a04bb) Importer(815301076,1909f56bfc062723c751e8b465ee728b)
Start importing Assets/[Resources] Gesture Management [3]/[Resources] Gesture Management [3]/Cards/Materials/H8 1.mat using Guid(802e4fe805a7e2b42a00a79e295a04bb) Importer(815301076,1909f56bfc062723c751e8b465ee728b) (PreviewImporter) -> (artifact id: 'c8cb72b108edf40ffe827d862ef88f3f') in 0.0215788 seconds
Number of updated asset objects reloaded before import = 0Number of asset objects unloaded after import = 2

========================================================================
Received Import Request.
  Time since last request: 0.000170 seconds.
  path: Assets/[Resources] Gesture Management [3]/[Resources] Gesture Management [3]/Cards/Materials/H6.mat
  artifactKey: Guid(840ab626cca64c64fb9ab9f5b548cd86) Importer(815301076,1909f56bfc062723c751e8b465ee728b)
Start importing Assets/[Resources] Gesture Management [3]/[Resources] Gesture Management [3]/Cards/Materials/H6.mat using Guid(840ab626cca64c64fb9ab9f5b548cd86) Importer(815301076,1909f56bfc062723c751e8b465ee728b) (PreviewImporter) -> (artifact id: '0556e977745fe76b1d91d71673e53fef') in 0.0205986 seconds
Number of updated asset objects reloaded before import = 0Number of asset objects unloaded after import = 2

========================================================================
Received Import Request.
  Time since last request: 0.000019 seconds.
  path: Assets/[Resources] Gesture Management [3]/[Resources] Gesture Management [3]/Cards/Materials/H7.mat
  artifactKey: Guid(e12cb34a1efcb7b4a9ae0397719d7dcb) Importer(815301076,1909f56bfc062723c751e8b465ee728b)
Start importing Assets/[Resources] Gesture Management [3]/[Resources] Gesture Management [3]/Cards/Materials/H7.mat using Guid(e12cb34a1efcb7b4a9ae0397719d7dcb) Importer(815301076,1909f56bfc062723c751e8b465ee728b) (PreviewImporter) -> (artifact id: '429b3fde36d8d7c557b474225454afed') in 0.0204522 seconds
Number of updated asset objects reloaded before import = 0Number of asset objects unloaded after import = 2

========================================================================
Received Import Request.
  Time since last request: 0.000021 seconds.
  path: Assets/[Resources] Gesture Management [3]/[Resources] Gesture Management [3]/Cards/Materials/H11.mat
  artifactKey: Guid(478c5dd933df0b34d86c830e00c9b384) Importer(815301076,1909f56bfc062723c751e8b465ee728b)
Start importing Assets/[Resources] Gesture Management [3]/[Resources] Gesture Management [3]/Cards/Materials/H11.mat using Guid(478c5dd933df0b34d86c830e00c9b384) Importer(815301076,1909f56bfc062723c751e8b465ee728b) (PreviewImporter) -> (artifact id: 'fc9071168e3d2ee1efc6209652d6da00') in 0.0169627 seconds
Number of updated asset objects reloaded before import = 0Number of asset objects unloaded after import = 2

========================================================================
Received Import Request.
  Time since last request: 0.000032 seconds.
  path: Assets/[Resources] Gesture Management [3]/[Resources] Gesture Management [3]/Cards/Materials/H10.mat
  artifactKey: Guid(c650838b975bcc445a1f384f24fe71e3) Importer(815301076,1909f56bfc062723c751e8b465ee728b)
Start importing Assets/[Resources] Gesture Management [3]/[Resources] Gesture Management [3]/Cards/Materials/H10.mat using Guid(c650838b975bcc445a1f384f24fe71e3) Importer(815301076,1909f56bfc062723c751e8b465ee728b) (PreviewImporter) -> (artifact id: '58d2a70ea1049c8dd6d1b95966da6d75') in 0.0201194 seconds
Number of updated asset objects reloaded before import = 0Number of asset objects unloaded after import = 2

========================================================================
Received Import Request.
  Time since last request: 0.000025 seconds.
  path: Assets/[Resources] Gesture Management [3]/[Resources] Gesture Management [3]/Cards/Materials/H9.mat
  artifactKey: Guid(ef2374b505ff7da40a8b4f9aa212c4c1) Importer(815301076,1909f56bfc062723c751e8b465ee728b)
Start importing Assets/[Resources] Gesture Management [3]/[Resources] Gesture Management [3]/Cards/Materials/H9.mat using Guid(ef2374b505ff7da40a8b4f9aa212c4c1) Importer(815301076,1909f56bfc062723c751e8b465ee728b) (PreviewImporter) -> (artifact id: 'b48bf6fea4eec6eb4ee635aa94433f31') in 0.0226393 seconds
Number of updated asset objects reloaded before import = 0Number of asset objects unloaded after import = 2

========================================================================
Received Import Request.
  Time since last request: 0.000044 seconds.
  path: Assets/[Resources] Gesture Management [3]/[Resources] Gesture Management [3]/Cards/Materials/H6 1.mat
  artifactKey: Guid(eab5b639efdf6584cacfba91df4661c3) Importer(815301076,1909f56bfc062723c751e8b465ee728b)
Start importing Assets/[Resources] Gesture Management [3]/[Resources] Gesture Management [3]/Cards/Materials/H6 1.mat using Guid(eab5b639efdf6584cacfba91df4661c3) Importer(815301076,1909f56bfc062723c751e8b465ee728b) (PreviewImporter) -> (artifact id: '76be79b4b8415a7e5385f3531c189615') in 0.0132432 seconds
Number of updated asset objects reloaded before import = 0Number of asset objects unloaded after import = 2

========================================================================
Received Import Request.
  Time since last request: 0.000023 seconds.
  path: Assets/[Resources] Gesture Management [3]/[Resources] Gesture Management [3]/Cards/Materials/H13 1.mat
  artifactKey: Guid(24c89bf3320a5944e8a3523900292496) Importer(815301076,1909f56bfc062723c751e8b465ee728b)
Start importing Assets/[Resources] Gesture Management [3]/[Resources] Gesture Management [3]/Cards/Materials/H13 1.mat using Guid(24c89bf3320a5944e8a3523900292496) Importer(815301076,1909f56bfc062723c751e8b465ee728b) (PreviewImporter) -> (artifact id: '3a0f6fb7a0fe660fc4d58b6708820b06') in 0.0147204 seconds
Number of updated asset objects reloaded before import = 0Number of asset objects unloaded after import = 2

========================================================================
Received Import Request.
  Time since last request: 0.000020 seconds.
  path: Assets/[Resources] Gesture Management [3]/[Resources] Gesture Management [3]/Cards/Materials/H5 1.mat
  artifactKey: Guid(72d27ada9dedea547a9f74746802e93c) Importer(815301076,1909f56bfc062723c751e8b465ee728b)
Start importing Assets/[Resources] Gesture Management [3]/[Resources] Gesture Management [3]/Cards/Materials/H5 1.mat using Guid(72d27ada9dedea547a9f74746802e93c) Importer(815301076,1909f56bfc062723c751e8b465ee728b) (PreviewImporter) -> (artifact id: 'e71a86ec780163c9bb057fe74ce61dcb') in 0.0132816 seconds
Number of updated asset objects reloaded before import = 0Number of asset objects unloaded after import = 2

========================================================================
Received Import Request.
  Time since last request: 0.000024 seconds.
  path: Assets/[Resources] Gesture Management [3]/[Resources] Gesture Management [3]/Cards/Materials/H2.mat
  artifactKey: Guid(ea7db614bc6d1864ca952c369e24f404) Importer(815301076,1909f56bfc062723c751e8b465ee728b)
Start importing Assets/[Resources] Gesture Management [3]/[Resources] Gesture Management [3]/Cards/Materials/H2.mat using Guid(ea7db614bc6d1864ca952c369e24f404) Importer(815301076,1909f56bfc062723c751e8b465ee728b) (PreviewImporter) -> (artifact id: '19784e2eaeb6edb37bde107283bddd76') in 0.0120181 seconds
Number of updated asset objects reloaded before import = 0Number of asset objects unloaded after import = 2

========================================================================
Received Import Request.
  Time since last request: 0.000017 seconds.
  path: Assets/[Resources] Gesture Management [3]/[Resources] Gesture Management [3]/Cards/Materials/H5.mat
  artifactKey: Guid(11f015538f7889642900422b51b30f17) Importer(815301076,1909f56bfc062723c751e8b465ee728b)
Start importing Assets/[Resources] Gesture Management [3]/[Resources] Gesture Management [3]/Cards/Materials/H5.mat using Guid(11f015538f7889642900422b51b30f17) Importer(815301076,1909f56bfc062723c751e8b465ee728b) (PreviewImporter) -> (artifact id: 'a00879aa3a6a133806c107616683b78e') in 0.0153029 seconds
Number of updated asset objects reloaded before import = 0Number of asset objects unloaded after import = 2

========================================================================
Received Import Request.
  Time since last request: 0.000056 seconds.
  path: Assets/[Resources] Gesture Management [3]/[Resources] Gesture Management [3]/Cards/Materials/H13.mat
  artifactKey: Guid(9d3a0f2e75c238b4aa39985f09d565f4) Importer(815301076,1909f56bfc062723c751e8b465ee728b)
Start importing Assets/[Resources] Gesture Management [3]/[Resources] Gesture Management [3]/Cards/Materials/H13.mat using Guid(9d3a0f2e75c238b4aa39985f09d565f4) Importer(815301076,1909f56bfc062723c751e8b465ee728b) (PreviewImporter) -> (artifact id: '76e4a4c457a3d0a15ff2314814f7c283') in 0.0142671 seconds
Number of updated asset objects reloaded before import = 0Number of asset objects unloaded after import = 2

========================================================================
Received Import Request.
  Time since last request: 0.000022 seconds.
  path: Assets/[Resources] Gesture Management [3]/[Resources] Gesture Management [3]/Cards/Materials/H4 1.mat
  artifactKey: Guid(8f91e2559be07ef458ff2396e5ca4ea2) Importer(815301076,1909f56bfc062723c751e8b465ee728b)
Start importing Assets/[Resources] Gesture Management [3]/[Resources] Gesture Management [3]/Cards/Materials/H4 1.mat using Guid(8f91e2559be07ef458ff2396e5ca4ea2) Importer(815301076,1909f56bfc062723c751e8b465ee728b) (PreviewImporter) -> (artifact id: 'c88c9da5495bacd8349f9eaca1e63366') in 0.0158052 seconds
Number of updated asset objects reloaded before import = 0Number of asset objects unloaded after import = 2

========================================================================
Received Import Request.
  Time since last request: 0.000038 seconds.
  path: Assets/[Resources] Gesture Management [3]/[Resources] Gesture Management [3]/Cards/Materials/H11 1.mat
  artifactKey: Guid(b521dfe4af807684dac2769b86ad8408) Importer(815301076,1909f56bfc062723c751e8b465ee728b)
Start importing Assets/[Resources] Gesture Management [3]/[Resources] Gesture Management [3]/Cards/Materials/H11 1.mat using Guid(b521dfe4af807684dac2769b86ad8408) Importer(815301076,1909f56bfc062723c751e8b465ee728b) (PreviewImporter) -> (artifact id: '04df2b3a6b6f7c64201726c9d65b01e6') in 0.0146258 seconds
Number of updated asset objects reloaded before import = 0Number of asset objects unloaded after import = 2

Editor requested this worker to shutdown with reason: Scaling down because of idle timeout
AssetImportWorker is now disconnected from the server
Process exiting
Exiting without the bug reporter. Application will terminate with return code 0