Using pre-set license
Built from '2023.2/staging' branch; Version is '2023.2.20f1 (0e25a174756c) revision 927137'; Using compiler version '193431935'; Build Type 'Release'
OS: 'Windows 11  (10.0.22631) 64bit CoreSingleLanguage' Language: 'en' Physical Memory: 16233 MB
BatchMode: 1, IsHumanControllingUs: 0, StartBugReporterOnCrash: 0, Is64bit: 1, IsPro: 1

COMMAND LINE ARGUMENTS:
C:\Program Files\Unity\Hub\Editor\2023.2.20f1\Editor\Unity.exe
-adb2
-batchMode
-noUpm
-name
AssetImportWorker5
-projectPath
C:/Users/ASUS/Documents/GitHub/Seatwork-1-APDEV
-logFile
Logs/AssetImportWorker5.log
-srvPort
14741
-job-worker-count
5
-background-job-worker-count
8
-asset-garbage-collectors
1
Successfully changed project path to: C:/Users/ASUS/Documents/GitHub/Seatwork-1-APDEV
C:/Users/ASUS/Documents/GitHub/Seatwork-1-APDEV
[UnityMemory] Configuration Parameters - Can be set up in boot.config
    "memorysetup-bucket-allocator-granularity=16"
    "memorysetup-bucket-allocator-bucket-count=8"
    "memorysetup-bucket-allocator-block-size=33554432"
    "memorysetup-bucket-allocator-block-count=8"
    "memorysetup-main-allocator-block-size=16777216"
    "memorysetup-thread-allocator-block-size=16777216"
    "memorysetup-gfx-main-allocator-block-size=16777216"
    "memorysetup-gfx-thread-allocator-block-size=16777216"
    "memorysetup-cache-allocator-block-size=4194304"
    "memorysetup-typetree-allocator-block-size=2097152"
    "memorysetup-profiler-bucket-allocator-granularity=16"
    "memorysetup-profiler-bucket-allocator-bucket-count=8"
    "memorysetup-profiler-bucket-allocator-block-size=33554432"
    "memorysetup-profiler-bucket-allocator-block-count=8"
    "memorysetup-profiler-allocator-block-size=16777216"
    "memorysetup-profiler-editor-allocator-block-size=1048576"
    "memorysetup-temp-allocator-size-main=16777216"
    "memorysetup-job-temp-allocator-block-size=2097152"
    "memorysetup-job-temp-allocator-block-size-background=1048576"
    "memorysetup-job-temp-allocator-reduction-small-platforms=262144"
    "memorysetup-allocator-temp-initial-block-size-main=262144"
    "memorysetup-allocator-temp-initial-block-size-worker=262144"
    "memorysetup-temp-allocator-size-background-worker=32768"
    "memorysetup-temp-allocator-size-job-worker=262144"
    "memorysetup-temp-allocator-size-preload-manager=33554432"
    "memorysetup-temp-allocator-size-nav-mesh-worker=65536"
    "memorysetup-temp-allocator-size-audio-worker=65536"
    "memorysetup-temp-allocator-size-cloud-worker=32768"
    "memorysetup-temp-allocator-size-gi-baking-worker=262144"
    "memorysetup-temp-allocator-size-gi-baking-worker=262144"
    "memorysetup-temp-allocator-size-gi-baking-worker=262144"
    "memorysetup-temp-allocator-size-gi-baking-worker=262144"
    "memorysetup-temp-allocator-size-gfx=262144"
Player connection [23020] Host "[IP] 192.168.1.5 [Port] 0 [Flags] 2 [Guid] 1092066839 [EditorId] 1092066839 [Version] 1048832 [Id] WindowsEditor(7,p1ecetachio) [Debug] 1 [PackageName] WindowsEditor [ProjectName] Editor" joined multi-casting on [225.0.0.222:54997]...
Player connection [23020] Host "[IP] 192.168.1.5 [Port] 0 [Flags] 2 [Guid] 1092066839 [EditorId] 1092066839 [Version] 1048832 [Id] WindowsEditor(7,p1ecetachio) [Debug] 1 [PackageName] WindowsEditor [ProjectName] Editor" joined alternative multi-casting on [225.0.0.222:34997]...
JobSystem: Creating JobQueue using job-worker-count value 5
[Physics::Module] Initialized MultithreadedJobDispatcher with 5 workers.
Library Redirect Path: Library/
Refreshing native plugins compatible for Editor in 5.82 ms, found 3 plugins.
Preloading 0 native plugins for Editor in 0.00 ms.
Initialize engine version: 2023.2.20f1 (0e25a174756c)
[Subsystems] Discovering subsystems at path C:/Program Files/Unity/Hub/Editor/2023.2.20f1/Editor/Data/Resources/UnitySubsystems
[Subsystems] Discovering subsystems at path C:/Users/ASUS/Documents/GitHub/Seatwork-1-APDEV/Assets
GfxDevice: creating device client; kGfxThreadingModeNonThreaded
Direct3D:
    Version:  Direct3D 11.0 [level 11.1]
    Renderer: NVIDIA GeForce RTX 2070 (ID=0x1f50)
    Vendor:   NVIDIA
    VRAM:     8019 MB
    Driver:   31.0.15.4633
Initialize mono
Mono path[0] = 'C:/Program Files/Unity/Hub/Editor/2023.2.20f1/Editor/Data/Managed'
Mono path[1] = 'C:/Program Files/Unity/Hub/Editor/2023.2.20f1/Editor/Data/MonoBleedingEdge/lib/mono/unityjit-win32'
Mono config path = 'C:/Program Files/Unity/Hub/Editor/2023.2.20f1/Editor/Data/MonoBleedingEdge/etc'
Using monoOptions --debugger-agent=transport=dt_socket,embedding=1,server=y,suspend=n,address=127.0.0.1:56704
Begin MonoManager ReloadAssembly
Registering precompiled unity dll's ...
Register platform support module: C:/Program Files/Unity/Hub/Editor/2023.2.20f1/Editor/Data/PlaybackEngines/WindowsStandaloneSupport/UnityEditor.WindowsStandalone.Extensions.dll
Register platform support module: C:/Program Files/Unity/Hub/Editor/2023.2.20f1/Editor/Data/PlaybackEngines/AndroidPlayer/UnityEditor.Android.Extensions.dll
Register platform support module: C:/Program Files/Unity/Hub/Editor/2023.2.20f1/Editor/Data/PlaybackEngines/iOSSupport/UnityEditor.iOS.Extensions.dll
Registered in 0.013531 seconds.
- Loaded All Assemblies, in  1.042 seconds
[usbmuxd] Start listen thread
[usbmuxd] Listen thread started
[usbmuxd] Send listen message
Native extension for iOS target not found
Native extension for Android target not found
Android Extension - Scanning For ADB Devices 485 ms
Native extension for WindowsStandalone target not found
Mono: successfully reloaded assembly
- Finished resetting the current domain, in  1.318 seconds
Domain Reload Profiling: 2356ms
	BeginReloadAssembly (370ms)
		ExecutionOrderSort (0ms)
		DisableScriptedObjects (0ms)
		BackupInstance (0ms)
		ReleaseScriptingObjects (0ms)
		CreateAndSetChildDomain (3ms)
	RebuildCommonClasses (86ms)
	RebuildNativeTypeToScriptingClass (38ms)
	initialDomainReloadingComplete (190ms)
	LoadAllAssembliesAndSetupDomain (354ms)
		LoadAssemblies (364ms)
		RebuildTransferFunctionScriptingTraits (0ms)
		AnalyzeDomain (347ms)
			TypeCache.Refresh (344ms)
				TypeCache.ScanAssembly (317ms)
			BuildScriptInfoCaches (0ms)
			ResolveRequiredComponents (1ms)
	FinalizeReload (1319ms)
		ReleaseScriptCaches (0ms)
		RebuildScriptCaches (0ms)
		SetupLoadedEditorAssemblies (1196ms)
			LogAssemblyErrors (0ms)
			InitializePlatformSupportModulesInManaged (725ms)
			SetLoadedEditorAssemblies (7ms)
			BeforeProcessingInitializeOnLoad (9ms)
			ProcessInitializeOnLoadAttributes (299ms)
			ProcessInitializeOnLoadMethodAttributes (155ms)
			AfterProcessingInitializeOnLoad (0ms)
			EditorAssembliesLoaded (0ms)
		ExecutionOrderSort2 (0ms)
		AwakeInstancesAfterBackupRestoration (0ms)
========================================================================
Worker process is ready to serve import requests
Import Worker Mode flag is 0x00
Begin MonoManager ReloadAssembly
Symbol file LoadedFromMemory doesn't match image C:\Users\ASUS\Documents\GitHub\Seatwork-1-APDEV\Library\PackageCache\com.unity.visualscripting@1.8.0\Editor\VisualScripting.Core\Dependencies\YamlDotNet\Unity.VisualScripting.YamlDotNet.dll
Symbol file LoadedFromMemory doesn't match image C:\Users\ASUS\Documents\GitHub\Seatwork-1-APDEV\Library\PackageCache\com.unity.visualscripting@1.8.0\Editor\VisualScripting.Core\Dependencies\DotNetZip\Unity.VisualScripting.IonicZip.dll
- Loaded All Assemblies, in  2.208 seconds
Refreshing native plugins compatible for Editor in 4.33 ms, found 3 plugins.
Native extension for iOS target not found
Native extension for Android target not found
Native extension for WindowsStandalone target not found
Mono: successfully reloaded assembly
Package Manager log level set to [2]
[Package Manager] Failed to launch server process. Reason: Unity was launched with the -noUpm command-line argument
[Package Manager] Unable to send message (not connected to server process).
[Package Manager] Cannot connect to Unity Package Manager local server
[Package Manager] Failed to launch server process. Reason: Unity was launched with the -noUpm command-line argument
[Package Manager] Unable to send message (not connected to server process).
[Package Manager] Cannot connect to Unity Package Manager local server
- Finished resetting the current domain, in  1.387 seconds
Domain Reload Profiling: 3590ms
	BeginReloadAssembly (1097ms)
		ExecutionOrderSort (0ms)
		DisableScriptedObjects (14ms)
		BackupInstance (0ms)
		ReleaseScriptingObjects (0ms)
		CreateAndSetChildDomain (141ms)
	RebuildCommonClasses (121ms)
	RebuildNativeTypeToScriptingClass (23ms)
	initialDomainReloadingComplete (71ms)
	LoadAllAssembliesAndSetupDomain (889ms)
		LoadAssemblies (693ms)
		RebuildTransferFunctionScriptingTraits (0ms)
		AnalyzeDomain (349ms)
			TypeCache.Refresh (288ms)
				TypeCache.ScanAssembly (239ms)
			BuildScriptInfoCaches (48ms)
			ResolveRequiredComponents (9ms)
	FinalizeReload (1388ms)
		ReleaseScriptCaches (0ms)
		RebuildScriptCaches (0ms)
		SetupLoadedEditorAssemblies (798ms)
			LogAssemblyErrors (0ms)
			InitializePlatformSupportModulesInManaged (60ms)
			SetLoadedEditorAssemblies (7ms)
			BeforeProcessingInitializeOnLoad (69ms)
			ProcessInitializeOnLoadAttributes (580ms)
			ProcessInitializeOnLoadMethodAttributes (64ms)
			AfterProcessingInitializeOnLoad (17ms)
			EditorAssembliesLoaded (1ms)
		ExecutionOrderSort2 (0ms)
		AwakeInstancesAfterBackupRestoration (30ms)
Launched and connected shader compiler UnityShaderCompiler.exe after 0.02 seconds
Refreshing native plugins compatible for Editor in 4.79 ms, found 3 plugins.
Preloading 0 native plugins for Editor in 0.00 ms.
Unloading 8 Unused Serialized files (Serialized files now loaded: 0)
Unloading 3304 unused Assets / (1.1 MB). Loaded Objects now: 3873.
Memory consumption went from 102.6 MB to 101.5 MB.
Total: 12.619800 ms (FindLiveObjects: 0.782900 ms CreateObjectMapping: 1.214600 ms MarkObjects: 7.768500 ms  DeleteObjects: 2.849200 ms)

========================================================================
Received Prepare
Begin MonoManager ReloadAssembly
Symbol file LoadedFromMemory doesn't match image C:\Users\ASUS\Documents\GitHub\Seatwork-1-APDEV\Library\PackageCache\com.unity.visualscripting@1.8.0\Editor\VisualScripting.Core\Dependencies\YamlDotNet\Unity.VisualScripting.YamlDotNet.dll
Symbol file LoadedFromMemory doesn't match image C:\Users\ASUS\Documents\GitHub\Seatwork-1-APDEV\Library\PackageCache\com.unity.visualscripting@1.8.0\Editor\VisualScripting.Core\Dependencies\DotNetZip\Unity.VisualScripting.IonicZip.dll
- Loaded All Assemblies, in  1.418 seconds
Refreshing native plugins compatible for Editor in 3.37 ms, found 3 plugins.
Native extension for iOS target not found
Native extension for Android target not found
Native extension for WindowsStandalone target not found
Mono: successfully reloaded assembly
[Package Manager] Failed to launch server process. Reason: Unity was launched with the -noUpm command-line argument
[Package Manager] Unable to send message (not connected to server process).
[Package Manager] Cannot connect to Unity Package Manager local server
- Finished resetting the current domain, in  1.317 seconds
Domain Reload Profiling: 2730ms
	BeginReloadAssembly (376ms)
		ExecutionOrderSort (0ms)
		DisableScriptedObjects (12ms)
		BackupInstance (0ms)
		ReleaseScriptingObjects (0ms)
		CreateAndSetChildDomain (117ms)
	RebuildCommonClasses (87ms)
	RebuildNativeTypeToScriptingClass (43ms)
	initialDomainReloadingComplete (46ms)
	LoadAllAssembliesAndSetupDomain (861ms)
		LoadAssemblies (814ms)
		RebuildTransferFunctionScriptingTraits (0ms)
		AnalyzeDomain (229ms)
			TypeCache.Refresh (23ms)
				TypeCache.ScanAssembly (1ms)
			BuildScriptInfoCaches (193ms)
			ResolveRequiredComponents (8ms)
	FinalizeReload (1318ms)
		ReleaseScriptCaches (0ms)
		RebuildScriptCaches (0ms)
		SetupLoadedEditorAssemblies (924ms)
			LogAssemblyErrors (0ms)
			InitializePlatformSupportModulesInManaged (49ms)
			SetLoadedEditorAssemblies (9ms)
			BeforeProcessingInitializeOnLoad (114ms)
			ProcessInitializeOnLoadAttributes (703ms)
			ProcessInitializeOnLoadMethodAttributes (39ms)
			AfterProcessingInitializeOnLoad (10ms)
			EditorAssembliesLoaded (0ms)
		ExecutionOrderSort2 (0ms)
		AwakeInstancesAfterBackupRestoration (16ms)
Refreshing native plugins compatible for Editor in 4.93 ms, found 3 plugins.
Preloading 0 native plugins for Editor in 0.00 ms.
Unloading 0 Unused Serialized files (Serialized files now loaded: 0)
Unloading 3302 unused Assets / (1.0 MB). Loaded Objects now: 3873.
Memory consumption went from 102.6 MB to 101.5 MB.
Total: 12.681000 ms (FindLiveObjects: 0.659600 ms CreateObjectMapping: 1.081000 ms MarkObjects: 7.584000 ms  DeleteObjects: 3.354800 ms)

Prepare: number of updated asset objects reloaded= 0
========================================================================
Received Import Request.
  Time since last request: 225734.816723 seconds.
  path: Assets/Card Prefabs/D8.prefab
  artifactKey: Guid(122e37b1f9bd35b498f468d3dd75d189) Importer(815301076,1909f56bfc062723c751e8b465ee728b)
Start importing Assets/Card Prefabs/D8.prefab using Guid(122e37b1f9bd35b498f468d3dd75d189) Importer(815301076,1909f56bfc062723c751e8b465ee728b) (PreviewImporter) -> (artifact id: '71058e5764d16e9cf59d28a591c89843') in 0.268792 seconds
Number of updated asset objects reloaded before import = 0Number of asset objects unloaded after import = 47

========================================================================
Received Import Request.
  Time since last request: 0.000058 seconds.
  path: Assets/Card Prefabs/S11.prefab
  artifactKey: Guid(281cff554634bbc418a3c9f2e509f09a) Importer(815301076,1909f56bfc062723c751e8b465ee728b)
Start importing Assets/Card Prefabs/S11.prefab using Guid(281cff554634bbc418a3c9f2e509f09a) Importer(815301076,1909f56bfc062723c751e8b465ee728b) (PreviewImporter) -> (artifact id: 'b8cd3b139bb7eab3a182dac1fffaab37') in 0.0520625 seconds
Number of updated asset objects reloaded before import = 0Number of asset objects unloaded after import = 47

========================================================================
Received Import Request.
  Time since last request: 0.000059 seconds.
  path: Assets/Card Prefabs/H4.prefab
  artifactKey: Guid(4c09764ca47f4cb4e958d6c8362ba026) Importer(815301076,1909f56bfc062723c751e8b465ee728b)
Start importing Assets/Card Prefabs/H4.prefab using Guid(4c09764ca47f4cb4e958d6c8362ba026) Importer(815301076,1909f56bfc062723c751e8b465ee728b) (PreviewImporter) -> (artifact id: 'b8ce4cfc8e4edce8e847e1424a729990') in 0.032177 seconds
Number of updated asset objects reloaded before import = 0Number of asset objects unloaded after import = 47

========================================================================
Received Import Request.
  Time since last request: 0.000041 seconds.
  path: Assets/Card Prefabs/C2.prefab
  artifactKey: Guid(450022300ddc6114dbef4e216cf1df48) Importer(815301076,1909f56bfc062723c751e8b465ee728b)
Start importing Assets/Card Prefabs/C2.prefab using Guid(450022300ddc6114dbef4e216cf1df48) Importer(815301076,1909f56bfc062723c751e8b465ee728b) (PreviewImporter) -> (artifact id: '3ecaee9b54291d237164b17fda9bcb93') in 0.0213099 seconds
Number of updated asset objects reloaded before import = 0Number of asset objects unloaded after import = 47

========================================================================
Received Import Request.
  Time since last request: 0.000057 seconds.
  path: Assets/Card Prefabs/C10.prefab
  artifactKey: Guid(75ab79e3e1ad0b04dae58b12284e3bf5) Importer(815301076,1909f56bfc062723c751e8b465ee728b)
Start importing Assets/Card Prefabs/C10.prefab using Guid(75ab79e3e1ad0b04dae58b12284e3bf5) Importer(815301076,1909f56bfc062723c751e8b465ee728b) (PreviewImporter) -> (artifact id: '53d2275d7940b06b0b620668551f1771') in 0.0412371 seconds
Number of updated asset objects reloaded before import = 0Number of asset objects unloaded after import = 47

========================================================================
Received Import Request.
  Time since last request: 0.000034 seconds.
  path: Assets/Card Prefabs/C6.prefab
  artifactKey: Guid(3860c728cc3ce5248a98f0820fb9da83) Importer(815301076,1909f56bfc062723c751e8b465ee728b)
Start importing Assets/Card Prefabs/C6.prefab using Guid(3860c728cc3ce5248a98f0820fb9da83) Importer(815301076,1909f56bfc062723c751e8b465ee728b) (PreviewImporter) -> (artifact id: 'e250147e7957df92710ff507c4992748') in 0.0305261 seconds
Number of updated asset objects reloaded before import = 0Number of asset objects unloaded after import = 47

========================================================================
Received Import Request.
  Time since last request: 0.000050 seconds.
  path: Assets/Card Prefabs/H1.prefab
  artifactKey: Guid(cc6785ad616b6dd45a1dd089cb26cfa0) Importer(815301076,1909f56bfc062723c751e8b465ee728b)
Start importing Assets/Card Prefabs/H1.prefab using Guid(cc6785ad616b6dd45a1dd089cb26cfa0) Importer(815301076,1909f56bfc062723c751e8b465ee728b) (PreviewImporter) -> (artifact id: 'a0ff7f4d85b01ac3c14a9e452c4a1c40') in 0.0364896 seconds
Number of updated asset objects reloaded before import = 0Number of asset objects unloaded after import = 47

========================================================================
Received Import Request.
  Time since last request: 0.000063 seconds.
  path: Assets/Card Prefabs/D12.prefab
  artifactKey: Guid(ebd8a77c642aa874d957f6fe7ce8c319) Importer(815301076,1909f56bfc062723c751e8b465ee728b)
Start importing Assets/Card Prefabs/D12.prefab using Guid(ebd8a77c642aa874d957f6fe7ce8c319) Importer(815301076,1909f56bfc062723c751e8b465ee728b) (PreviewImporter) -> (artifact id: '051d32e0fb6ab44da6a0ca44609da5da') in 0.0381214 seconds
Number of updated asset objects reloaded before import = 0Number of asset objects unloaded after import = 47

========================================================================
Received Import Request.
  Time since last request: 0.000037 seconds.
  path: Assets/Card Prefabs/C12.prefab
  artifactKey: Guid(8030813253ae3e84d9bf8ca9baa4385e) Importer(815301076,1909f56bfc062723c751e8b465ee728b)
Start importing Assets/Card Prefabs/C12.prefab using Guid(8030813253ae3e84d9bf8ca9baa4385e) Importer(815301076,1909f56bfc062723c751e8b465ee728b) (PreviewImporter) -> (artifact id: '006c4684e256b101e7567e3a408d0228') in 0.0309532 seconds
Number of updated asset objects reloaded before import = 0Number of asset objects unloaded after import = 47

========================================================================
Received Import Request.
  Time since last request: 0.000076 seconds.
  path: Assets/Card Prefabs/H5.prefab
  artifactKey: Guid(7d9703c757e7a78459b5de5fd1999fec) Importer(815301076,1909f56bfc062723c751e8b465ee728b)
Start importing Assets/Card Prefabs/H5.prefab using Guid(7d9703c757e7a78459b5de5fd1999fec) Importer(815301076,1909f56bfc062723c751e8b465ee728b) (PreviewImporter) -> (artifact id: 'c67cd5022394fcf09ec4faeeb29377cc') in 0.033605 seconds
Number of updated asset objects reloaded before import = 0Number of asset objects unloaded after import = 47

========================================================================
Received Import Request.
  Time since last request: 0.000111 seconds.
  path: Assets/Card Prefabs/C13.prefab
  artifactKey: Guid(f218424ff2ba4804fb5b08d67721a150) Importer(815301076,1909f56bfc062723c751e8b465ee728b)
Start importing Assets/Card Prefabs/C13.prefab using Guid(f218424ff2ba4804fb5b08d67721a150) Importer(815301076,1909f56bfc062723c751e8b465ee728b) (PreviewImporter) -> (artifact id: '2475ebd56dcf83ab2c3db2975a963c15') in 0.0384903 seconds
Number of updated asset objects reloaded before import = 0Number of asset objects unloaded after import = 47

========================================================================
Received Import Request.
  Time since last request: 0.000052 seconds.
  path: Assets/Card Prefabs/S2.prefab
  artifactKey: Guid(56c2568a0dbd94e4aa1336d6fdac9ba6) Importer(815301076,1909f56bfc062723c751e8b465ee728b)
Start importing Assets/Card Prefabs/S2.prefab using Guid(56c2568a0dbd94e4aa1336d6fdac9ba6) Importer(815301076,1909f56bfc062723c751e8b465ee728b) (PreviewImporter) -> (artifact id: '2f91dc3a2e4e5072daa841394990cf7b') in 0.0690279 seconds
Number of updated asset objects reloaded before import = 0Number of asset objects unloaded after import = 47

========================================================================
Received Import Request.
  Time since last request: 0.000051 seconds.
  path: Assets/Card Prefabs/S7.prefab
  artifactKey: Guid(36278eca9994e2e408a39e8f86c54484) Importer(815301076,1909f56bfc062723c751e8b465ee728b)
Start importing Assets/Card Prefabs/S7.prefab using Guid(36278eca9994e2e408a39e8f86c54484) Importer(815301076,1909f56bfc062723c751e8b465ee728b) (PreviewImporter) -> (artifact id: '5c89b6c621268c8b36da50d9027e7b7d') in 0.0245845 seconds
Number of updated asset objects reloaded before import = 0Number of asset objects unloaded after import = 47

========================================================================
Received Import Request.
  Time since last request: 0.000033 seconds.
  path: Assets/Card Prefabs/S12.prefab
  artifactKey: Guid(6940626a40c0274448af46e79442cd5c) Importer(815301076,1909f56bfc062723c751e8b465ee728b)
Start importing Assets/Card Prefabs/S12.prefab using Guid(6940626a40c0274448af46e79442cd5c) Importer(815301076,1909f56bfc062723c751e8b465ee728b) (PreviewImporter) -> (artifact id: '88f557a08a8b75d0069d372f99e3a75a') in 0.0864551 seconds
Number of updated asset objects reloaded before import = 0Number of asset objects unloaded after import = 47

========================================================================
Received Import Request.
  Time since last request: 1067.785470 seconds.
  path: Assets/Dock Cards/Dock Hearts.prefab
  artifactKey: Guid(d5393ffa0b0ebe94fbda0ce71527c7d7) Importer(815301076,1909f56bfc062723c751e8b465ee728b)
Start importing Assets/Dock Cards/Dock Hearts.prefab using Guid(d5393ffa0b0ebe94fbda0ce71527c7d7) Importer(815301076,1909f56bfc062723c751e8b465ee728b) (PreviewImporter) -> (artifact id: '31e3d15f6c39936bf1416e1a9eff7be5') in 0.0308987 seconds
Number of updated asset objects reloaded before import = 0Number of asset objects unloaded after import = 10

========================================================================
Received Import Request.
  Time since last request: 0.000034 seconds.
  path: Assets/Dock Cards/Dock Spades.prefab
  artifactKey: Guid(614e06dba71513547b9587439d4ad798) Importer(815301076,1909f56bfc062723c751e8b465ee728b)
Start importing Assets/Dock Cards/Dock Spades.prefab using Guid(614e06dba71513547b9587439d4ad798) Importer(815301076,1909f56bfc062723c751e8b465ee728b) (PreviewImporter) -> (artifact id: 'd76b324ac7839c854516d27c9c76c9e5') in 0.0204496 seconds
Number of updated asset objects reloaded before import = 0Number of asset objects unloaded after import = 10

========================================================================
Received Import Request.
  Time since last request: 444.330358 seconds.
  path: Assets/[Resources] Gesture Management [3]/[Resources] Gesture Management [3]/Dock/Dock Diamonds.png
  artifactKey: Guid(3ccf941741ae4fa48874935e90c7a63b) Importer(815301076,1909f56bfc062723c751e8b465ee728b)
Start importing Assets/[Resources] Gesture Management [3]/[Resources] Gesture Management [3]/Dock/Dock Diamonds.png using Guid(3ccf941741ae4fa48874935e90c7a63b) Importer(815301076,1909f56bfc062723c751e8b465ee728b) (PreviewImporter) -> (artifact id: '3edceab52a175f716aac518296a8d253') in 0.0895483 seconds
Number of updated asset objects reloaded before import = 0Number of asset objects unloaded after import = 3

========================================================================
Received Import Request.
  Time since last request: 0.000037 seconds.
  path: Assets/[Resources] Gesture Management [3]/[Resources] Gesture Management [3]/Dock/Dock Hearts.png
  artifactKey: Guid(77ea87322943443488517e84e5d96eac) Importer(815301076,1909f56bfc062723c751e8b465ee728b)
Start importing Assets/[Resources] Gesture Management [3]/[Resources] Gesture Management [3]/Dock/Dock Hearts.png using Guid(77ea87322943443488517e84e5d96eac) Importer(815301076,1909f56bfc062723c751e8b465ee728b) (PreviewImporter) -> (artifact id: 'ae10e0573ae77f79a6f4688dd40b1378') in 0.042854 seconds
Number of updated asset objects reloaded before import = 0Number of asset objects unloaded after import = 3

========================================================================
Received Import Request.
  Time since last request: 2.130475 seconds.
  path: Assets/[Resources] Gesture Management [3]/[Resources] Gesture Management [3]/Cards/C2.png
  artifactKey: Guid(5eb6937acb936034f91364795ea080f4) Importer(815301076,1909f56bfc062723c751e8b465ee728b)
Start importing Assets/[Resources] Gesture Management [3]/[Resources] Gesture Management [3]/Cards/C2.png using Guid(5eb6937acb936034f91364795ea080f4) Importer(815301076,1909f56bfc062723c751e8b465ee728b) (PreviewImporter) -> (artifact id: 'eabea14c733748a2360065020a489c2a') in 0.02761 seconds
Number of updated asset objects reloaded before import = 0Number of asset objects unloaded after import = 3

========================================================================
Received Import Request.
  Time since last request: 0.000045 seconds.
  path: Assets/[Resources] Gesture Management [3]/[Resources] Gesture Management [3]/Cards/C8.png
  artifactKey: Guid(496a2a2f862e9e14cbd5b0246d04cd6f) Importer(815301076,1909f56bfc062723c751e8b465ee728b)
Start importing Assets/[Resources] Gesture Management [3]/[Resources] Gesture Management [3]/Cards/C8.png using Guid(496a2a2f862e9e14cbd5b0246d04cd6f) Importer(815301076,1909f56bfc062723c751e8b465ee728b) (PreviewImporter) -> (artifact id: 'bc4451c552997f8ecf3c72ffeb8e91eb') in 0.0338675 seconds
Number of updated asset objects reloaded before import = 0Number of asset objects unloaded after import = 3

========================================================================
Received Import Request.
  Time since last request: 0.000026 seconds.
  path: Assets/[Resources] Gesture Management [3]/[Resources] Gesture Management [3]/Cards/S1.png
  artifactKey: Guid(19ba11547e63b5a4c9c537258124c08b) Importer(815301076,1909f56bfc062723c751e8b465ee728b)
Start importing Assets/[Resources] Gesture Management [3]/[Resources] Gesture Management [3]/Cards/S1.png using Guid(19ba11547e63b5a4c9c537258124c08b) Importer(815301076,1909f56bfc062723c751e8b465ee728b) (PreviewImporter) -> (artifact id: '4da128b96bedf8a4d95912d79eb75992') in 0.0426355 seconds
Number of updated asset objects reloaded before import = 0Number of asset objects unloaded after import = 3

========================================================================
Received Import Request.
  Time since last request: 0.000091 seconds.
  path: Assets/[Resources] Gesture Management [3]/[Resources] Gesture Management [3]/Cards/S3.png
  artifactKey: Guid(3535314a88f5d0e418c31e7e8bb74bc1) Importer(815301076,1909f56bfc062723c751e8b465ee728b)
Start importing Assets/[Resources] Gesture Management [3]/[Resources] Gesture Management [3]/Cards/S3.png using Guid(3535314a88f5d0e418c31e7e8bb74bc1) Importer(815301076,1909f56bfc062723c751e8b465ee728b) (PreviewImporter) -> (artifact id: 'db2288035407d7a32df714d6afb820e6') in 0.0456822 seconds
Number of updated asset objects reloaded before import = 0Number of asset objects unloaded after import = 3

========================================================================
Received Import Request.
  Time since last request: 0.000113 seconds.
  path: Assets/[Resources] Gesture Management [3]/[Resources] Gesture Management [3]/Cards/H2.png
  artifactKey: Guid(495d6bb32671d9d43a6397e12d9d44b0) Importer(815301076,1909f56bfc062723c751e8b465ee728b)
Start importing Assets/[Resources] Gesture Management [3]/[Resources] Gesture Management [3]/Cards/H2.png using Guid(495d6bb32671d9d43a6397e12d9d44b0) Importer(815301076,1909f56bfc062723c751e8b465ee728b) (PreviewImporter) -> (artifact id: 'fb42d1e51b2504dbd60be699f5433d14') in 0.0468688 seconds
Number of updated asset objects reloaded before import = 0Number of asset objects unloaded after import = 3

========================================================================
Received Import Request.
  Time since last request: 0.000060 seconds.
  path: Assets/[Resources] Gesture Management [3]/[Resources] Gesture Management [3]/Cards/H8.png
  artifactKey: Guid(2e92996f58daaa14b8922bce36786b13) Importer(815301076,1909f56bfc062723c751e8b465ee728b)
Start importing Assets/[Resources] Gesture Management [3]/[Resources] Gesture Management [3]/Cards/H8.png using Guid(2e92996f58daaa14b8922bce36786b13) Importer(815301076,1909f56bfc062723c751e8b465ee728b) (PreviewImporter) -> (artifact id: '788d4a27291dc83bf483fe337b807d45') in 0.0470347 seconds
Number of updated asset objects reloaded before import = 0Number of asset objects unloaded after import = 3

========================================================================
Received Import Request.
  Time since last request: 0.000115 seconds.
  path: Assets/[Resources] Gesture Management [3]/[Resources] Gesture Management [3]/Cards/H9.png
  artifactKey: Guid(35e7b388bfedc92498e594b93c6a0f73) Importer(815301076,1909f56bfc062723c751e8b465ee728b)
Start importing Assets/[Resources] Gesture Management [3]/[Resources] Gesture Management [3]/Cards/H9.png using Guid(35e7b388bfedc92498e594b93c6a0f73) Importer(815301076,1909f56bfc062723c751e8b465ee728b) (PreviewImporter) -> (artifact id: 'dc04ed137245f8d2dd0ea08001e89ece') in 0.0449565 seconds
Number of updated asset objects reloaded before import = 0Number of asset objects unloaded after import = 3

========================================================================
Received Import Request.
  Time since last request: 0.000053 seconds.
  path: Assets/[Resources] Gesture Management [3]/[Resources] Gesture Management [3]/Cards/C7.png
  artifactKey: Guid(a14978b6b1fed6849a05cbf0e8aba8f5) Importer(815301076,1909f56bfc062723c751e8b465ee728b)
Start importing Assets/[Resources] Gesture Management [3]/[Resources] Gesture Management [3]/Cards/C7.png using Guid(a14978b6b1fed6849a05cbf0e8aba8f5) Importer(815301076,1909f56bfc062723c751e8b465ee728b) (PreviewImporter) -> (artifact id: '1869d49ff6bb065f7081b5cca8716548') in 0.0460524 seconds
Number of updated asset objects reloaded before import = 0Number of asset objects unloaded after import = 3

========================================================================
Received Import Request.
  Time since last request: 0.000038 seconds.
  path: Assets/[Resources] Gesture Management [3]/[Resources] Gesture Management [3]/Cards/H11.png
  artifactKey: Guid(8992d53aba57b0440a330e92a524b3be) Importer(815301076,1909f56bfc062723c751e8b465ee728b)
Start importing Assets/[Resources] Gesture Management [3]/[Resources] Gesture Management [3]/Cards/H11.png using Guid(8992d53aba57b0440a330e92a524b3be) Importer(815301076,1909f56bfc062723c751e8b465ee728b) (PreviewImporter) -> (artifact id: '852a2fddd81f636244b818792c91c1d6') in 0.0553568 seconds
Number of updated asset objects reloaded before import = 0Number of asset objects unloaded after import = 3

========================================================================
Received Import Request.
  Time since last request: 0.000042 seconds.
  path: Assets/[Resources] Gesture Management [3]/[Resources] Gesture Management [3]/Cards/H6.png
  artifactKey: Guid(acee115b9b11ace4282b08a15e1a2924) Importer(815301076,1909f56bfc062723c751e8b465ee728b)
Start importing Assets/[Resources] Gesture Management [3]/[Resources] Gesture Management [3]/Cards/H6.png using Guid(acee115b9b11ace4282b08a15e1a2924) Importer(815301076,1909f56bfc062723c751e8b465ee728b) (PreviewImporter) -> (artifact id: 'fc6607370cba752852f117f847957b2e') in 0.0452563 seconds
Number of updated asset objects reloaded before import = 0Number of asset objects unloaded after import = 3

========================================================================
Received Import Request.
  Time since last request: 0.000037 seconds.
  path: Assets/[Resources] Gesture Management [3]/[Resources] Gesture Management [3]/Cards/S13.png
  artifactKey: Guid(9676aa37d25a8f14c968acc8e902e52f) Importer(815301076,1909f56bfc062723c751e8b465ee728b)
Start importing Assets/[Resources] Gesture Management [3]/[Resources] Gesture Management [3]/Cards/S13.png using Guid(9676aa37d25a8f14c968acc8e902e52f) Importer(815301076,1909f56bfc062723c751e8b465ee728b) (PreviewImporter) -> (artifact id: '2f91331f92abd7eba2ba98ddd6cd2adf') in 0.0447153 seconds
Number of updated asset objects reloaded before import = 0Number of asset objects unloaded after import = 3

========================================================================
Received Import Request.
  Time since last request: 0.000054 seconds.
  path: Assets/[Resources] Gesture Management [3]/[Resources] Gesture Management [3]/Cards/D13.png
  artifactKey: Guid(4cbad8f564f5c3843ba7f37a4c27de8c) Importer(815301076,1909f56bfc062723c751e8b465ee728b)
Start importing Assets/[Resources] Gesture Management [3]/[Resources] Gesture Management [3]/Cards/D13.png using Guid(4cbad8f564f5c3843ba7f37a4c27de8c) Importer(815301076,1909f56bfc062723c751e8b465ee728b) (PreviewImporter) -> (artifact id: '466567fd0981308b6275785642bac5be') in 0.0491864 seconds
Number of updated asset objects reloaded before import = 0Number of asset objects unloaded after import = 3

========================================================================
Received Import Request.
  Time since last request: 0.000098 seconds.
  path: Assets/[Resources] Gesture Management [3]/[Resources] Gesture Management [3]/Cards/S12.png
  artifactKey: Guid(e216535fdf9d04f45a2a157f1186bb4f) Importer(815301076,1909f56bfc062723c751e8b465ee728b)
Start importing Assets/[Resources] Gesture Management [3]/[Resources] Gesture Management [3]/Cards/S12.png using Guid(e216535fdf9d04f45a2a157f1186bb4f) Importer(815301076,1909f56bfc062723c751e8b465ee728b) (PreviewImporter) -> (artifact id: 'fbcdf9811d93d31e779c857f8243768d') in 0.0524908 seconds
Number of updated asset objects reloaded before import = 0Number of asset objects unloaded after import = 3

========================================================================
Received Import Request.
  Time since last request: 0.000029 seconds.
  path: Assets/[Resources] Gesture Management [3]/[Resources] Gesture Management [3]/Cards/C4.png
  artifactKey: Guid(b52c2f4a858a6ef4f88e495e00e72299) Importer(815301076,1909f56bfc062723c751e8b465ee728b)
Start importing Assets/[Resources] Gesture Management [3]/[Resources] Gesture Management [3]/Cards/C4.png using Guid(b52c2f4a858a6ef4f88e495e00e72299) Importer(815301076,1909f56bfc062723c751e8b465ee728b) (PreviewImporter) -> (artifact id: '02637c7f6dfbd308d13986670434fe25') in 0.0492372 seconds
Number of updated asset objects reloaded before import = 0Number of asset objects unloaded after import = 3

========================================================================
Received Import Request.
  Time since last request: 0.000028 seconds.
  path: Assets/[Resources] Gesture Management [3]/[Resources] Gesture Management [3]/Cards/H13.png
  artifactKey: Guid(5904d4e9bb29b7247ac67dc2b6b3a0b0) Importer(815301076,1909f56bfc062723c751e8b465ee728b)
Start importing Assets/[Resources] Gesture Management [3]/[Resources] Gesture Management [3]/Cards/H13.png using Guid(5904d4e9bb29b7247ac67dc2b6b3a0b0) Importer(815301076,1909f56bfc062723c751e8b465ee728b) (PreviewImporter) -> (artifact id: 'f08a2fbcd38f9b853556de54e3295b94') in 0.0435485 seconds
Number of updated asset objects reloaded before import = 0Number of asset objects unloaded after import = 3

========================================================================
Received Import Request.
  Time since last request: 0.000031 seconds.
  path: Assets/[Resources] Gesture Management [3]/[Resources] Gesture Management [3]/Cards/C3.png
  artifactKey: Guid(329dba5f746a431459f14fddfd6a4c9e) Importer(815301076,1909f56bfc062723c751e8b465ee728b)
Start importing Assets/[Resources] Gesture Management [3]/[Resources] Gesture Management [3]/Cards/C3.png using Guid(329dba5f746a431459f14fddfd6a4c9e) Importer(815301076,1909f56bfc062723c751e8b465ee728b) (PreviewImporter) -> (artifact id: 'dd030db6853e6d9878f46e2605077ba9') in 0.0449194 seconds
Number of updated asset objects reloaded before import = 0Number of asset objects unloaded after import = 3

========================================================================
Received Import Request.
  Time since last request: 0.000041 seconds.
  path: Assets/[Resources] Gesture Management [3]/[Resources] Gesture Management [3]/Cards/D5.png
  artifactKey: Guid(04abfc34f5850794ab0f971d050e0a39) Importer(815301076,1909f56bfc062723c751e8b465ee728b)
Start importing Assets/[Resources] Gesture Management [3]/[Resources] Gesture Management [3]/Cards/D5.png using Guid(04abfc34f5850794ab0f971d050e0a39) Importer(815301076,1909f56bfc062723c751e8b465ee728b) (PreviewImporter) -> (artifact id: '47c7b5d0c71c83ddf7853ee04b28179d') in 0.0496608 seconds
Number of updated asset objects reloaded before import = 0Number of asset objects unloaded after import = 3

========================================================================
Received Import Request.
  Time since last request: 0.000082 seconds.
  path: Assets/[Resources] Gesture Management [3]/[Resources] Gesture Management [3]/Cards/H1.png
  artifactKey: Guid(fef429b708abee548a348c6a0791c6c0) Importer(815301076,1909f56bfc062723c751e8b465ee728b)
Start importing Assets/[Resources] Gesture Management [3]/[Resources] Gesture Management [3]/Cards/H1.png using Guid(fef429b708abee548a348c6a0791c6c0) Importer(815301076,1909f56bfc062723c751e8b465ee728b) (PreviewImporter) -> (artifact id: '4f5bfb9f273d54bd1564024efa3d812d') in 0.045087 seconds
Number of updated asset objects reloaded before import = 0Number of asset objects unloaded after import = 3

========================================================================
Received Import Request.
  Time since last request: 0.000048 seconds.
  path: Assets/[Resources] Gesture Management [3]/[Resources] Gesture Management [3]/Cards/C6.png
  artifactKey: Guid(b6cca67fc38f79c4e89538c9c2e3eaef) Importer(815301076,1909f56bfc062723c751e8b465ee728b)
Start importing Assets/[Resources] Gesture Management [3]/[Resources] Gesture Management [3]/Cards/C6.png using Guid(b6cca67fc38f79c4e89538c9c2e3eaef) Importer(815301076,1909f56bfc062723c751e8b465ee728b) (PreviewImporter) -> (artifact id: 'cfa3780cff76cd1c986b4573052e0b9a') in 0.0505295 seconds
Number of updated asset objects reloaded before import = 0Number of asset objects unloaded after import = 3

========================================================================
Received Import Request.
  Time since last request: 0.000040 seconds.
  path: Assets/[Resources] Gesture Management [3]/[Resources] Gesture Management [3]/Cards/C13.png
  artifactKey: Guid(04b9be585dc02df4c92f2e5f042a6cfc) Importer(815301076,1909f56bfc062723c751e8b465ee728b)
Start importing Assets/[Resources] Gesture Management [3]/[Resources] Gesture Management [3]/Cards/C13.png using Guid(04b9be585dc02df4c92f2e5f042a6cfc) Importer(815301076,1909f56bfc062723c751e8b465ee728b) (PreviewImporter) -> (artifact id: '375d4919b535a98f73e5ec56a3703850') in 0.0526017 seconds
Number of updated asset objects reloaded before import = 0Number of asset objects unloaded after import = 3

========================================================================
Received Import Request.
  Time since last request: 0.000082 seconds.
  path: Assets/[Resources] Gesture Management [3]/[Resources] Gesture Management [3]/Cards/D7.png
  artifactKey: Guid(50f4c810f03fe3d40859ef5a8e7b40ec) Importer(815301076,1909f56bfc062723c751e8b465ee728b)
Start importing Assets/[Resources] Gesture Management [3]/[Resources] Gesture Management [3]/Cards/D7.png using Guid(50f4c810f03fe3d40859ef5a8e7b40ec) Importer(815301076,1909f56bfc062723c751e8b465ee728b) (PreviewImporter) -> (artifact id: 'ae239bcb80a2101b816657b172b6b8a9') in 0.0567291 seconds
Number of updated asset objects reloaded before import = 0Number of asset objects unloaded after import = 3

========================================================================
Received Import Request.
  Time since last request: 0.000085 seconds.
  path: Assets/[Resources] Gesture Management [3]/[Resources] Gesture Management [3]/Cards/D12.png
  artifactKey: Guid(438879334d2042b4f955a3f2ddffe599) Importer(815301076,1909f56bfc062723c751e8b465ee728b)
Start importing Assets/[Resources] Gesture Management [3]/[Resources] Gesture Management [3]/Cards/D12.png using Guid(438879334d2042b4f955a3f2ddffe599) Importer(815301076,1909f56bfc062723c751e8b465ee728b) (PreviewImporter) -> (artifact id: '7e4282e967c996f0581d4067412d894a') in 0.0400499 seconds
Number of updated asset objects reloaded before import = 0Number of asset objects unloaded after import = 3

========================================================================
Received Import Request.
  Time since last request: 0.000064 seconds.
  path: Assets/[Resources] Gesture Management [3]/[Resources] Gesture Management [3]/Cards/H4.png
  artifactKey: Guid(eeb1c3ee28e4fe642a2c5fabb9b604d6) Importer(815301076,1909f56bfc062723c751e8b465ee728b)
Start importing Assets/[Resources] Gesture Management [3]/[Resources] Gesture Management [3]/Cards/H4.png using Guid(eeb1c3ee28e4fe642a2c5fabb9b604d6) Importer(815301076,1909f56bfc062723c751e8b465ee728b) (PreviewImporter) -> (artifact id: '385288e1a72b7d2c14bfe84eb609e2a7') in 0.052183 seconds
Number of updated asset objects reloaded before import = 0Number of asset objects unloaded after import = 3

========================================================================
Received Import Request.
  Time since last request: 0.000042 seconds.
  path: Assets/[Resources] Gesture Management [3]/[Resources] Gesture Management [3]/Cards/S7.png
  artifactKey: Guid(f7ac0abe6a1fcdb468624204719f5919) Importer(815301076,1909f56bfc062723c751e8b465ee728b)
Start importing Assets/[Resources] Gesture Management [3]/[Resources] Gesture Management [3]/Cards/S7.png using Guid(f7ac0abe6a1fcdb468624204719f5919) Importer(815301076,1909f56bfc062723c751e8b465ee728b) (PreviewImporter) -> (artifact id: 'c512a288ff381db628237357fccb90eb') in 0.0454099 seconds
Number of updated asset objects reloaded before import = 0Number of asset objects unloaded after import = 3

========================================================================
Received Import Request.
  Time since last request: 0.000033 seconds.
  path: Assets/[Resources] Gesture Management [3]/[Resources] Gesture Management [3]/Cards/H10.png
  artifactKey: Guid(24554dbf29aa28644955df137c2ef262) Importer(815301076,1909f56bfc062723c751e8b465ee728b)
Start importing Assets/[Resources] Gesture Management [3]/[Resources] Gesture Management [3]/Cards/H10.png using Guid(24554dbf29aa28644955df137c2ef262) Importer(815301076,1909f56bfc062723c751e8b465ee728b) (PreviewImporter) -> (artifact id: '17aeca59d423c3cfcda53029f6422b31') in 0.0581405 seconds
Number of updated asset objects reloaded before import = 0Number of asset objects unloaded after import = 3

========================================================================
Received Import Request.
  Time since last request: 0.000034 seconds.
  path: Assets/[Resources] Gesture Management [3]/[Resources] Gesture Management [3]/Cards/C9.png
  artifactKey: Guid(b53b45365cd321747b63bb1fe29804d8) Importer(815301076,1909f56bfc062723c751e8b465ee728b)
Start importing Assets/[Resources] Gesture Management [3]/[Resources] Gesture Management [3]/Cards/C9.png using Guid(b53b45365cd321747b63bb1fe29804d8) Importer(815301076,1909f56bfc062723c751e8b465ee728b) (PreviewImporter) -> (artifact id: '0574a4b889ade20f3254c2be3215ad11') in 0.0500855 seconds
Number of updated asset objects reloaded before import = 0Number of asset objects unloaded after import = 3

Editor requested this worker to shutdown with reason: Scaling down because of idle timeout
AssetImportWorker is now disconnected from the server
Process exiting
Exiting without the bug reporter. Application will terminate with return code 0