Using pre-set license
Built from '2023.2/staging' branch; Version is '2023.2.20f1 (0e25a174756c) revision 927137'; Using compiler version '193431935'; Build Type 'Release'
OS: 'Windows 11  (10.0.22631) 64bit CoreSingleLanguage' Language: 'en' Physical Memory: 16233 MB
BatchMode: 1, IsHumanControllingUs: 0, StartBugReporterOnCrash: 0, Is64bit: 1, IsPro: 1

COMMAND LINE ARGUMENTS:
C:\Program Files\Unity\Hub\Editor\2023.2.20f1\Editor\Unity.exe
-adb2
-batchMode
-noUpm
-name
AssetImportWorker1
-projectPath
C:/Users/ASUS/Documents/GitHub/Seatwork-1-APDEV
-logFile
Logs/AssetImportWorker1.log
-srvPort
14741
-job-worker-count
5
-background-job-worker-count
8
-asset-garbage-collectors
1
Successfully changed project path to: C:/Users/ASUS/Documents/GitHub/Seatwork-1-APDEV
C:/Users/ASUS/Documents/GitHub/Seatwork-1-APDEV
[UnityMemory] Configuration Parameters - Can be set up in boot.config
    "memorysetup-bucket-allocator-granularity=16"
    "memorysetup-bucket-allocator-bucket-count=8"
    "memorysetup-bucket-allocator-block-size=33554432"
    "memorysetup-bucket-allocator-block-count=8"
    "memorysetup-main-allocator-block-size=16777216"
    "memorysetup-thread-allocator-block-size=16777216"
    "memorysetup-gfx-main-allocator-block-size=16777216"
    "memorysetup-gfx-thread-allocator-block-size=16777216"
    "memorysetup-cache-allocator-block-size=4194304"
    "memorysetup-typetree-allocator-block-size=2097152"
    "memorysetup-profiler-bucket-allocator-granularity=16"
    "memorysetup-profiler-bucket-allocator-bucket-count=8"
    "memorysetup-profiler-bucket-allocator-block-size=33554432"
    "memorysetup-profiler-bucket-allocator-block-count=8"
    "memorysetup-profiler-allocator-block-size=16777216"
    "memorysetup-profiler-editor-allocator-block-size=1048576"
    "memorysetup-temp-allocator-size-main=16777216"
    "memorysetup-job-temp-allocator-block-size=2097152"
    "memorysetup-job-temp-allocator-block-size-background=1048576"
    "memorysetup-job-temp-allocator-reduction-small-platforms=262144"
    "memorysetup-allocator-temp-initial-block-size-main=262144"
    "memorysetup-allocator-temp-initial-block-size-worker=262144"
    "memorysetup-temp-allocator-size-background-worker=32768"
    "memorysetup-temp-allocator-size-job-worker=262144"
    "memorysetup-temp-allocator-size-preload-manager=33554432"
    "memorysetup-temp-allocator-size-nav-mesh-worker=65536"
    "memorysetup-temp-allocator-size-audio-worker=65536"
    "memorysetup-temp-allocator-size-cloud-worker=32768"
    "memorysetup-temp-allocator-size-gi-baking-worker=262144"
    "memorysetup-temp-allocator-size-gi-baking-worker=262144"
    "memorysetup-temp-allocator-size-gi-baking-worker=262144"
    "memorysetup-temp-allocator-size-gi-baking-worker=262144"
    "memorysetup-temp-allocator-size-gfx=262144"
Player connection [32216] Host "[IP] 192.168.1.5 [Port] 0 [Flags] 2 [Guid] 1296307463 [EditorId] 1296307463 [Version] 1048832 [Id] WindowsEditor(7,p1ecetachio) [Debug] 1 [PackageName] WindowsEditor [ProjectName] Editor" joined multi-casting on [225.0.0.222:54997]...
Player connection [32216] Host "[IP] 192.168.1.5 [Port] 0 [Flags] 2 [Guid] 1296307463 [EditorId] 1296307463 [Version] 1048832 [Id] WindowsEditor(7,p1ecetachio) [Debug] 1 [PackageName] WindowsEditor [ProjectName] Editor" joined alternative multi-casting on [225.0.0.222:34997]...
JobSystem: Creating JobQueue using job-worker-count value 5
[Physics::Module] Initialized MultithreadedJobDispatcher with 5 workers.
Library Redirect Path: Library/
Refreshing native plugins compatible for Editor in 5.54 ms, found 3 plugins.
Preloading 0 native plugins for Editor in 0.00 ms.
Initialize engine version: 2023.2.20f1 (0e25a174756c)
[Subsystems] Discovering subsystems at path C:/Program Files/Unity/Hub/Editor/2023.2.20f1/Editor/Data/Resources/UnitySubsystems
[Subsystems] Discovering subsystems at path C:/Users/ASUS/Documents/GitHub/Seatwork-1-APDEV/Assets
GfxDevice: creating device client; kGfxThreadingModeNonThreaded
Direct3D:
    Version:  Direct3D 11.0 [level 11.1]
    Renderer: NVIDIA GeForce RTX 2070 (ID=0x1f50)
    Vendor:   NVIDIA
    VRAM:     8019 MB
    Driver:   31.0.15.4633
Initialize mono
Mono path[0] = 'C:/Program Files/Unity/Hub/Editor/2023.2.20f1/Editor/Data/Managed'
Mono path[1] = 'C:/Program Files/Unity/Hub/Editor/2023.2.20f1/Editor/Data/MonoBleedingEdge/lib/mono/unityjit-win32'
Mono config path = 'C:/Program Files/Unity/Hub/Editor/2023.2.20f1/Editor/Data/MonoBleedingEdge/etc'
Using monoOptions --debugger-agent=transport=dt_socket,embedding=1,server=y,suspend=n,address=127.0.0.1:56776
Begin MonoManager ReloadAssembly
Registering precompiled unity dll's ...
Register platform support module: C:/Program Files/Unity/Hub/Editor/2023.2.20f1/Editor/Data/PlaybackEngines/WindowsStandaloneSupport/UnityEditor.WindowsStandalone.Extensions.dll
Register platform support module: C:/Program Files/Unity/Hub/Editor/2023.2.20f1/Editor/Data/PlaybackEngines/AndroidPlayer/UnityEditor.Android.Extensions.dll
Register platform support module: C:/Program Files/Unity/Hub/Editor/2023.2.20f1/Editor/Data/PlaybackEngines/iOSSupport/UnityEditor.iOS.Extensions.dll
Registered in 0.009761 seconds.
- Loaded All Assemblies, in  0.886 seconds
[usbmuxd] Start listen thread
[usbmuxd] Listen thread started
[usbmuxd] Send listen message
Native extension for iOS target not found
Native extension for Android target not found
Android Extension - Scanning For ADB Devices 549 ms
Native extension for WindowsStandalone target not found
Mono: successfully reloaded assembly
- Finished resetting the current domain, in  1.411 seconds
Domain Reload Profiling: 2295ms
	BeginReloadAssembly (228ms)
		ExecutionOrderSort (0ms)
		DisableScriptedObjects (0ms)
		BackupInstance (0ms)
		ReleaseScriptingObjects (0ms)
		CreateAndSetChildDomain (1ms)
	RebuildCommonClasses (77ms)
	RebuildNativeTypeToScriptingClass (28ms)
	initialDomainReloadingComplete (121ms)
	LoadAllAssembliesAndSetupDomain (429ms)
		LoadAssemblies (221ms)
		RebuildTransferFunctionScriptingTraits (0ms)
		AnalyzeDomain (421ms)
			TypeCache.Refresh (417ms)
				TypeCache.ScanAssembly (382ms)
			BuildScriptInfoCaches (0ms)
			ResolveRequiredComponents (1ms)
	FinalizeReload (1412ms)
		ReleaseScriptCaches (0ms)
		RebuildScriptCaches (0ms)
		SetupLoadedEditorAssemblies (1292ms)
			LogAssemblyErrors (0ms)
			InitializePlatformSupportModulesInManaged (782ms)
			SetLoadedEditorAssemblies (8ms)
			BeforeProcessingInitializeOnLoad (14ms)
			ProcessInitializeOnLoadAttributes (360ms)
			ProcessInitializeOnLoadMethodAttributes (127ms)
			AfterProcessingInitializeOnLoad (0ms)
			EditorAssembliesLoaded (0ms)
		ExecutionOrderSort2 (0ms)
		AwakeInstancesAfterBackupRestoration (0ms)
========================================================================
Worker process is ready to serve import requests
Import Worker Mode flag is 0x00
Begin MonoManager ReloadAssembly
Symbol file LoadedFromMemory doesn't match image C:\Users\ASUS\Documents\GitHub\Seatwork-1-APDEV\Library\PackageCache\com.unity.visualscripting@1.8.0\Editor\VisualScripting.Core\Dependencies\YamlDotNet\Unity.VisualScripting.YamlDotNet.dll
Symbol file LoadedFromMemory doesn't match image C:\Users\ASUS\Documents\GitHub\Seatwork-1-APDEV\Library\PackageCache\com.unity.visualscripting@1.8.0\Editor\VisualScripting.Core\Dependencies\DotNetZip\Unity.VisualScripting.IonicZip.dll
- Loaded All Assemblies, in  2.013 seconds
Refreshing native plugins compatible for Editor in 7.97 ms, found 3 plugins.
Native extension for iOS target not found
Native extension for Android target not found
Native extension for WindowsStandalone target not found
Mono: successfully reloaded assembly
Package Manager log level set to [2]
[Package Manager] Failed to launch server process. Reason: Unity was launched with the -noUpm command-line argument
[Package Manager] Unable to send message (not connected to server process).
[Package Manager] Cannot connect to Unity Package Manager local server
[Package Manager] Failed to launch server process. Reason: Unity was launched with the -noUpm command-line argument
[Package Manager] Unable to send message (not connected to server process).
[Package Manager] Cannot connect to Unity Package Manager local server
- Finished resetting the current domain, in  1.568 seconds
Domain Reload Profiling: 3577ms
	BeginReloadAssembly (865ms)
		ExecutionOrderSort (0ms)
		DisableScriptedObjects (14ms)
		BackupInstance (0ms)
		ReleaseScriptingObjects (0ms)
		CreateAndSetChildDomain (88ms)
	RebuildCommonClasses (106ms)
	RebuildNativeTypeToScriptingClass (33ms)
	initialDomainReloadingComplete (100ms)
	LoadAllAssembliesAndSetupDomain (903ms)
		LoadAssemblies (816ms)
		RebuildTransferFunctionScriptingTraits (0ms)
		AnalyzeDomain (307ms)
			TypeCache.Refresh (251ms)
				TypeCache.ScanAssembly (215ms)
			BuildScriptInfoCaches (43ms)
			ResolveRequiredComponents (8ms)
	FinalizeReload (1570ms)
		ReleaseScriptCaches (0ms)
		RebuildScriptCaches (0ms)
		SetupLoadedEditorAssemblies (985ms)
			LogAssemblyErrors (0ms)
			InitializePlatformSupportModulesInManaged (63ms)
			SetLoadedEditorAssemblies (11ms)
			BeforeProcessingInitializeOnLoad (74ms)
			ProcessInitializeOnLoadAttributes (773ms)
			ProcessInitializeOnLoadMethodAttributes (56ms)
			AfterProcessingInitializeOnLoad (8ms)
			EditorAssembliesLoaded (0ms)
		ExecutionOrderSort2 (0ms)
		AwakeInstancesAfterBackupRestoration (22ms)
Launched and connected shader compiler UnityShaderCompiler.exe after 0.03 seconds
Refreshing native plugins compatible for Editor in 5.57 ms, found 3 plugins.
Preloading 0 native plugins for Editor in 0.00 ms.
Unloading 8 Unused Serialized files (Serialized files now loaded: 0)
Unloading 3304 unused Assets / (0.9 MB). Loaded Objects now: 3873.
Memory consumption went from 102.6 MB to 101.7 MB.
Total: 19.569000 ms (FindLiveObjects: 1.152900 ms CreateObjectMapping: 2.329500 ms MarkObjects: 12.517200 ms  DeleteObjects: 3.565800 ms)

========================================================================
Received Import Request.
  Time since last request: 222351.907351 seconds.
  path: Assets/New Material.mat
  artifactKey: Guid(ff7a5483d0cd74444a4e7f80a1f16d4a) Importer(815301076,1909f56bfc062723c751e8b465ee728b)
Start importing Assets/New Material.mat using Guid(ff7a5483d0cd74444a4e7f80a1f16d4a) Importer(815301076,1909f56bfc062723c751e8b465ee728b) (PreviewImporter) -> (artifact id: '56bb87880d5189c91a4e3144b840cbfe') in 0.4764752 seconds
Number of updated asset objects reloaded before import = 0Number of asset objects unloaded after import = 1

========================================================================
Received Import Request.
  Time since last request: 10.993940 seconds.
  path: Assets/Materials/New Material 1.mat
  artifactKey: Guid(a6d71c6165352f843a4897de5268ae35) Importer(815301076,1909f56bfc062723c751e8b465ee728b)
Start importing Assets/Materials/New Material 1.mat using Guid(a6d71c6165352f843a4897de5268ae35) Importer(815301076,1909f56bfc062723c751e8b465ee728b) (PreviewImporter) -> (artifact id: 'd8ac1ecb46d7f39b2de0c6032a65a53e') in 0.0316391 seconds
Number of updated asset objects reloaded before import = 0Number of asset objects unloaded after import = 1

========================================================================
Received Import Request.
  Time since last request: 0.000151 seconds.
  path: Assets/Materials/New Material 2.mat
  artifactKey: Guid(f54e9344b9917ab4ea4ca71d3a21694b) Importer(815301076,1909f56bfc062723c751e8b465ee728b)
Start importing Assets/Materials/New Material 2.mat using Guid(f54e9344b9917ab4ea4ca71d3a21694b) Importer(815301076,1909f56bfc062723c751e8b465ee728b) (PreviewImporter) -> (artifact id: '680d257b29f915411755cff64bfc7f29') in 0.0315889 seconds
Number of updated asset objects reloaded before import = 0Number of asset objects unloaded after import = 1

========================================================================
Received Import Request.
  Time since last request: 1594.476711 seconds.
  path: Assets/[Resources] Gesture Management [3]/[Resources] Gesture Management [3]/Cards/Materials/C2.mat
  artifactKey: Guid(c33a73d3fcb87ea4c871675f1dd94bd1) Importer(815301076,1909f56bfc062723c751e8b465ee728b)
Start importing Assets/[Resources] Gesture Management [3]/[Resources] Gesture Management [3]/Cards/Materials/C2.mat using Guid(c33a73d3fcb87ea4c871675f1dd94bd1) Importer(815301076,1909f56bfc062723c751e8b465ee728b) (PreviewImporter) -> (artifact id: 'fca4ce73c9e4108282516d6fd254acbf') in 0.161185 seconds
Number of updated asset objects reloaded before import = 0Number of asset objects unloaded after import = 2

========================================================================
Received Import Request.
  Time since last request: 0.000046 seconds.
  path: Assets/[Resources] Gesture Management [3]/[Resources] Gesture Management [3]/Cards/Materials/C4.mat
  artifactKey: Guid(0c84d28445fe88446b25af3d409b0993) Importer(815301076,1909f56bfc062723c751e8b465ee728b)
Start importing Assets/[Resources] Gesture Management [3]/[Resources] Gesture Management [3]/Cards/Materials/C4.mat using Guid(0c84d28445fe88446b25af3d409b0993) Importer(815301076,1909f56bfc062723c751e8b465ee728b) (PreviewImporter) -> (artifact id: 'ce25b3a512409f8b2aa8d619b48561f5') in 0.0337059 seconds
Number of updated asset objects reloaded before import = 0Number of asset objects unloaded after import = 2

========================================================================
Received Import Request.
  Time since last request: 0.000040 seconds.
  path: Assets/[Resources] Gesture Management [3]/[Resources] Gesture Management [3]/Cards/Materials/C10.mat
  artifactKey: Guid(d1de02cb87083dc4f9fec0fa23206059) Importer(815301076,1909f56bfc062723c751e8b465ee728b)
Start importing Assets/[Resources] Gesture Management [3]/[Resources] Gesture Management [3]/Cards/Materials/C10.mat using Guid(d1de02cb87083dc4f9fec0fa23206059) Importer(815301076,1909f56bfc062723c751e8b465ee728b) (PreviewImporter) -> (artifact id: '59b31a3f00f2353b387584eb805936e2') in 0.0405177 seconds
Number of updated asset objects reloaded before import = 0Number of asset objects unloaded after import = 2

========================================================================
Received Import Request.
  Time since last request: 0.000130 seconds.
  path: Assets/[Resources] Gesture Management [3]/[Resources] Gesture Management [3]/Cards/Materials/C8.mat
  artifactKey: Guid(ac7c06166f6a0034595b50698e5ef73c) Importer(815301076,1909f56bfc062723c751e8b465ee728b)
Start importing Assets/[Resources] Gesture Management [3]/[Resources] Gesture Management [3]/Cards/Materials/C8.mat using Guid(ac7c06166f6a0034595b50698e5ef73c) Importer(815301076,1909f56bfc062723c751e8b465ee728b) (PreviewImporter) -> (artifact id: '69d413d6638ac9c9e7a98ce179847a84') in 0.036927 seconds
Number of updated asset objects reloaded before import = 0Number of asset objects unloaded after import = 2

========================================================================
Received Import Request.
  Time since last request: 0.000021 seconds.
  path: Assets/[Resources] Gesture Management [3]/[Resources] Gesture Management [3]/Cards/Materials/D1.mat
  artifactKey: Guid(ba15042e1439d6842a4c4db385505320) Importer(815301076,1909f56bfc062723c751e8b465ee728b)
Start importing Assets/[Resources] Gesture Management [3]/[Resources] Gesture Management [3]/Cards/Materials/D1.mat using Guid(ba15042e1439d6842a4c4db385505320) Importer(815301076,1909f56bfc062723c751e8b465ee728b) (PreviewImporter) -> (artifact id: 'e69eb7d3fbfabc2331bfecf498b27584') in 0.0335401 seconds
Number of updated asset objects reloaded before import = 0Number of asset objects unloaded after import = 2

========================================================================
Received Import Request.
  Time since last request: 0.000028 seconds.
  path: Assets/[Resources] Gesture Management [3]/[Resources] Gesture Management [3]/Cards/Materials/D6.mat
  artifactKey: Guid(22a946de3d010b44991a85328a6d59e6) Importer(815301076,1909f56bfc062723c751e8b465ee728b)
Start importing Assets/[Resources] Gesture Management [3]/[Resources] Gesture Management [3]/Cards/Materials/D6.mat using Guid(22a946de3d010b44991a85328a6d59e6) Importer(815301076,1909f56bfc062723c751e8b465ee728b) (PreviewImporter) -> (artifact id: '8ebae9fe18b155dcaf32a5a35dbf364b') in 0.033036 seconds
Number of updated asset objects reloaded before import = 0Number of asset objects unloaded after import = 2

========================================================================
Received Import Request.
  Time since last request: 0.000024 seconds.
  path: Assets/[Resources] Gesture Management [3]/[Resources] Gesture Management [3]/Cards/Materials/D7.mat
  artifactKey: Guid(2b5c6237c8798c74882db88e9b8b7102) Importer(815301076,1909f56bfc062723c751e8b465ee728b)
Start importing Assets/[Resources] Gesture Management [3]/[Resources] Gesture Management [3]/Cards/Materials/D7.mat using Guid(2b5c6237c8798c74882db88e9b8b7102) Importer(815301076,1909f56bfc062723c751e8b465ee728b) (PreviewImporter) -> (artifact id: 'eed960c7f5d59d2dcb716297c2d336c4') in 0.0320567 seconds
Number of updated asset objects reloaded before import = 0Number of asset objects unloaded after import = 2

========================================================================
Received Import Request.
  Time since last request: 0.000021 seconds.
  path: Assets/[Resources] Gesture Management [3]/[Resources] Gesture Management [3]/Cards/Materials/D12.mat
  artifactKey: Guid(d76718bd01c7a6d4f9f155f1e211a0a8) Importer(815301076,1909f56bfc062723c751e8b465ee728b)
Start importing Assets/[Resources] Gesture Management [3]/[Resources] Gesture Management [3]/Cards/Materials/D12.mat using Guid(d76718bd01c7a6d4f9f155f1e211a0a8) Importer(815301076,1909f56bfc062723c751e8b465ee728b) (PreviewImporter) -> (artifact id: 'f6f262821ff1ffb960fd73bf05abd8a2') in 0.0291818 seconds
Number of updated asset objects reloaded before import = 0Number of asset objects unloaded after import = 2

========================================================================
Received Import Request.
  Time since last request: 0.000066 seconds.
  path: Assets/[Resources] Gesture Management [3]/[Resources] Gesture Management [3]/Cards/Materials/C9.mat
  artifactKey: Guid(194c06f622cd6da488a794c27ae31731) Importer(815301076,1909f56bfc062723c751e8b465ee728b)
Start importing Assets/[Resources] Gesture Management [3]/[Resources] Gesture Management [3]/Cards/Materials/C9.mat using Guid(194c06f622cd6da488a794c27ae31731) Importer(815301076,1909f56bfc062723c751e8b465ee728b) (PreviewImporter) -> (artifact id: 'c4515f99969d121fe5ebb56adcf20e96') in 0.0314798 seconds
Number of updated asset objects reloaded before import = 0Number of asset objects unloaded after import = 2

========================================================================
Received Import Request.
  Time since last request: 0.000028 seconds.
  path: Assets/[Resources] Gesture Management [3]/[Resources] Gesture Management [3]/Cards/Materials/H2.mat
  artifactKey: Guid(ea7db614bc6d1864ca952c369e24f404) Importer(815301076,1909f56bfc062723c751e8b465ee728b)
Start importing Assets/[Resources] Gesture Management [3]/[Resources] Gesture Management [3]/Cards/Materials/H2.mat using Guid(ea7db614bc6d1864ca952c369e24f404) Importer(815301076,1909f56bfc062723c751e8b465ee728b) (PreviewImporter) -> (artifact id: 'bb60ae0eb2a530e88d2e5bb9a3648f60') in 0.0287695 seconds
Number of updated asset objects reloaded before import = 0Number of asset objects unloaded after import = 2

========================================================================
Received Import Request.
  Time since last request: 0.000036 seconds.
  path: Assets/[Resources] Gesture Management [3]/[Resources] Gesture Management [3]/Cards/Materials/H8.mat
  artifactKey: Guid(730560904d8724e4c8ecd650a45ceb07) Importer(815301076,1909f56bfc062723c751e8b465ee728b)
Start importing Assets/[Resources] Gesture Management [3]/[Resources] Gesture Management [3]/Cards/Materials/H8.mat using Guid(730560904d8724e4c8ecd650a45ceb07) Importer(815301076,1909f56bfc062723c751e8b465ee728b) (PreviewImporter) -> (artifact id: 'e853aaf6155664155d54581698def2db') in 0.0328252 seconds
Number of updated asset objects reloaded before import = 0Number of asset objects unloaded after import = 2

========================================================================
Received Import Request.
  Time since last request: 0.000026 seconds.
  path: Assets/[Resources] Gesture Management [3]/[Resources] Gesture Management [3]/Cards/Materials/H11.mat
  artifactKey: Guid(478c5dd933df0b34d86c830e00c9b384) Importer(815301076,1909f56bfc062723c751e8b465ee728b)
Start importing Assets/[Resources] Gesture Management [3]/[Resources] Gesture Management [3]/Cards/Materials/H11.mat using Guid(478c5dd933df0b34d86c830e00c9b384) Importer(815301076,1909f56bfc062723c751e8b465ee728b) (PreviewImporter) -> (artifact id: '938691b77dc784eeb26dcbddc62a4bda') in 0.0289549 seconds
Number of updated asset objects reloaded before import = 0Number of asset objects unloaded after import = 2

========================================================================
Received Import Request.
  Time since last request: 0.000028 seconds.
  path: Assets/[Resources] Gesture Management [3]/[Resources] Gesture Management [3]/Cards/Materials/H9.mat
  artifactKey: Guid(ef2374b505ff7da40a8b4f9aa212c4c1) Importer(815301076,1909f56bfc062723c751e8b465ee728b)
Start importing Assets/[Resources] Gesture Management [3]/[Resources] Gesture Management [3]/Cards/Materials/H9.mat using Guid(ef2374b505ff7da40a8b4f9aa212c4c1) Importer(815301076,1909f56bfc062723c751e8b465ee728b) (PreviewImporter) -> (artifact id: '84b08a9616f0e01c714f3e2803cb9a85') in 0.0307252 seconds
Number of updated asset objects reloaded before import = 0Number of asset objects unloaded after import = 2

========================================================================
Received Import Request.
  Time since last request: 0.000023 seconds.
  path: Assets/[Resources] Gesture Management [3]/[Resources] Gesture Management [3]/Cards/Materials/S1.mat
  artifactKey: Guid(17a1b6db35a91b849b72ddb46ce2cc76) Importer(815301076,1909f56bfc062723c751e8b465ee728b)
Start importing Assets/[Resources] Gesture Management [3]/[Resources] Gesture Management [3]/Cards/Materials/S1.mat using Guid(17a1b6db35a91b849b72ddb46ce2cc76) Importer(815301076,1909f56bfc062723c751e8b465ee728b) (PreviewImporter) -> (artifact id: '0b95fab8c70c6ccffdb9b0930368af97') in 0.0295678 seconds
Number of updated asset objects reloaded before import = 0Number of asset objects unloaded after import = 2

========================================================================
Received Import Request.
  Time since last request: 0.000038 seconds.
  path: Assets/[Resources] Gesture Management [3]/[Resources] Gesture Management [3]/Cards/Materials/S7.mat
  artifactKey: Guid(9263e98c5e997c14aaf07f699f080edf) Importer(815301076,1909f56bfc062723c751e8b465ee728b)
Start importing Assets/[Resources] Gesture Management [3]/[Resources] Gesture Management [3]/Cards/Materials/S7.mat using Guid(9263e98c5e997c14aaf07f699f080edf) Importer(815301076,1909f56bfc062723c751e8b465ee728b) (PreviewImporter) -> (artifact id: 'f4e7d3d7065140d2f9bb91b98cfae5f8') in 0.0402959 seconds
Number of updated asset objects reloaded before import = 0Number of asset objects unloaded after import = 2

========================================================================
Received Import Request.
  Time since last request: 0.000032 seconds.
  path: Assets/[Resources] Gesture Management [3]/[Resources] Gesture Management [3]/Cards/Materials/S10.mat
  artifactKey: Guid(aad91a50c80ffd644aa51748089d77ed) Importer(815301076,1909f56bfc062723c751e8b465ee728b)
Start importing Assets/[Resources] Gesture Management [3]/[Resources] Gesture Management [3]/Cards/Materials/S10.mat using Guid(aad91a50c80ffd644aa51748089d77ed) Importer(815301076,1909f56bfc062723c751e8b465ee728b) (PreviewImporter) -> (artifact id: 'ed6b870f7ebcaf08af5ce40666c29691') in 0.0365854 seconds
Number of updated asset objects reloaded before import = 0Number of asset objects unloaded after import = 2

========================================================================
Received Import Request.
  Time since last request: 0.000122 seconds.
  path: Assets/[Resources] Gesture Management [3]/[Resources] Gesture Management [3]/Cards/Materials/S12.mat
  artifactKey: Guid(aec0fdc2983e76548b7f04ec158a1c01) Importer(815301076,1909f56bfc062723c751e8b465ee728b)
Start importing Assets/[Resources] Gesture Management [3]/[Resources] Gesture Management [3]/Cards/Materials/S12.mat using Guid(aec0fdc2983e76548b7f04ec158a1c01) Importer(815301076,1909f56bfc062723c751e8b465ee728b) (PreviewImporter) -> (artifact id: '3cfbc94593fe89ba51d614a10b449deb') in 0.0538994 seconds
Number of updated asset objects reloaded before import = 0Number of asset objects unloaded after import = 2

========================================================================
Received Import Request.
  Time since last request: 0.000041 seconds.
  path: Assets/[Resources] Gesture Management [3]/[Resources] Gesture Management [3]/Cards/Materials/S5.mat
  artifactKey: Guid(72d27ada9dedea547a9f74746802e93c) Importer(815301076,1909f56bfc062723c751e8b465ee728b)
Start importing Assets/[Resources] Gesture Management [3]/[Resources] Gesture Management [3]/Cards/Materials/S5.mat using Guid(72d27ada9dedea547a9f74746802e93c) Importer(815301076,1909f56bfc062723c751e8b465ee728b) (PreviewImporter) -> (artifact id: 'd129291995c2274fe05d4269bc3cbb1e') in 0.0357825 seconds
Number of updated asset objects reloaded before import = 0Number of asset objects unloaded after import = 2

========================================================================
Received Import Request.
  Time since last request: 0.000043 seconds.
  path: Assets/[Resources] Gesture Management [3]/[Resources] Gesture Management [3]/Cards/Materials/H4.mat
  artifactKey: Guid(156313657ce0de849b506875aa1438ed) Importer(815301076,1909f56bfc062723c751e8b465ee728b)
Start importing Assets/[Resources] Gesture Management [3]/[Resources] Gesture Management [3]/Cards/Materials/H4.mat using Guid(156313657ce0de849b506875aa1438ed) Importer(815301076,1909f56bfc062723c751e8b465ee728b) (PreviewImporter) -> (artifact id: '748f5a186a371aa7ac978895a3db7a6a') in 0.0529129 seconds
Number of updated asset objects reloaded before import = 0Number of asset objects unloaded after import = 2

========================================================================
Received Import Request.
  Time since last request: 0.000039 seconds.
  path: Assets/[Resources] Gesture Management [3]/[Resources] Gesture Management [3]/Cards/Materials/C13.mat
  artifactKey: Guid(4e910c13ffd138f41945ff1bf080f1ff) Importer(815301076,1909f56bfc062723c751e8b465ee728b)
Start importing Assets/[Resources] Gesture Management [3]/[Resources] Gesture Management [3]/Cards/Materials/C13.mat using Guid(4e910c13ffd138f41945ff1bf080f1ff) Importer(815301076,1909f56bfc062723c751e8b465ee728b) (PreviewImporter) -> (artifact id: '5152fac3576b70a96b5b38844055dfec') in 0.0489972 seconds
Number of updated asset objects reloaded before import = 0Number of asset objects unloaded after import = 2

========================================================================
Received Import Request.
  Time since last request: 0.000036 seconds.
  path: Assets/[Resources] Gesture Management [3]/[Resources] Gesture Management [3]/Cards/Materials/D10.mat
  artifactKey: Guid(75a0526efc0c8e949887c7aaaca00347) Importer(815301076,1909f56bfc062723c751e8b465ee728b)
Start importing Assets/[Resources] Gesture Management [3]/[Resources] Gesture Management [3]/Cards/Materials/D10.mat using Guid(75a0526efc0c8e949887c7aaaca00347) Importer(815301076,1909f56bfc062723c751e8b465ee728b) (PreviewImporter) -> (artifact id: '28a054c81acd83e6ef0e12e2b254cd2a') in 0.0533656 seconds
Number of updated asset objects reloaded before import = 0Number of asset objects unloaded after import = 2

========================================================================
Received Import Request.
  Time since last request: 0.000048 seconds.
  path: Assets/[Resources] Gesture Management [3]/[Resources] Gesture Management [3]/Cards/Materials/H13.mat
  artifactKey: Guid(9d3a0f2e75c238b4aa39985f09d565f4) Importer(815301076,1909f56bfc062723c751e8b465ee728b)
Start importing Assets/[Resources] Gesture Management [3]/[Resources] Gesture Management [3]/Cards/Materials/H13.mat using Guid(9d3a0f2e75c238b4aa39985f09d565f4) Importer(815301076,1909f56bfc062723c751e8b465ee728b) (PreviewImporter) -> (artifact id: '32b7426c6102fbbbe8ab08fde64482a4') in 0.051256 seconds
Number of updated asset objects reloaded before import = 0Number of asset objects unloaded after import = 2

========================================================================
Received Import Request.
  Time since last request: 0.000034 seconds.
  path: Assets/[Resources] Gesture Management [3]/[Resources] Gesture Management [3]/Cards/Materials/H5.mat
  artifactKey: Guid(11f015538f7889642900422b51b30f17) Importer(815301076,1909f56bfc062723c751e8b465ee728b)
Start importing Assets/[Resources] Gesture Management [3]/[Resources] Gesture Management [3]/Cards/Materials/H5.mat using Guid(11f015538f7889642900422b51b30f17) Importer(815301076,1909f56bfc062723c751e8b465ee728b) (PreviewImporter) -> (artifact id: 'dc2791dd985f790b3eadcb9987994240') in 0.0575152 seconds
Number of updated asset objects reloaded before import = 0Number of asset objects unloaded after import = 2

========================================================================
Received Import Request.
  Time since last request: 0.000065 seconds.
  path: Assets/[Resources] Gesture Management [3]/[Resources] Gesture Management [3]/Cards/Materials/D11.mat
  artifactKey: Guid(1c646831531caa740b6bc544e99d58de) Importer(815301076,1909f56bfc062723c751e8b465ee728b)
Start importing Assets/[Resources] Gesture Management [3]/[Resources] Gesture Management [3]/Cards/Materials/D11.mat using Guid(1c646831531caa740b6bc544e99d58de) Importer(815301076,1909f56bfc062723c751e8b465ee728b) (PreviewImporter) -> (artifact id: 'd0f1afda9cdcdbe6f794bdc578b592a0') in 0.0549192 seconds
Number of updated asset objects reloaded before import = 0Number of asset objects unloaded after import = 2

========================================================================
Received Import Request.
  Time since last request: 0.000027 seconds.
  path: Assets/[Resources] Gesture Management [3]/[Resources] Gesture Management [3]/Cards/Materials/S2.mat
  artifactKey: Guid(6bf9f62170dfbd848849d8be6d645eff) Importer(815301076,1909f56bfc062723c751e8b465ee728b)
Start importing Assets/[Resources] Gesture Management [3]/[Resources] Gesture Management [3]/Cards/Materials/S2.mat using Guid(6bf9f62170dfbd848849d8be6d645eff) Importer(815301076,1909f56bfc062723c751e8b465ee728b) (PreviewImporter) -> (artifact id: 'e50ebca1a587f04d13ab4d26394cc281') in 0.0472773 seconds
Number of updated asset objects reloaded before import = 0Number of asset objects unloaded after import = 2

========================================================================
Received Import Request.
  Time since last request: 7.755090 seconds.
  path: Assets/[Resources] Gesture Management [3]/[Resources] Gesture Management [3]/Dock/Materials/Dock Clubs 1.mat
  artifactKey: Guid(94af0dae1d902a54c910ef66b799b848) Importer(815301076,1909f56bfc062723c751e8b465ee728b)
Start importing Assets/[Resources] Gesture Management [3]/[Resources] Gesture Management [3]/Dock/Materials/Dock Clubs 1.mat using Guid(94af0dae1d902a54c910ef66b799b848) Importer(815301076,1909f56bfc062723c751e8b465ee728b) (PreviewImporter) -> (artifact id: '6d8d7b82ec2a89e26265d0402b901968') in 0.0699688 seconds
Number of updated asset objects reloaded before import = 0Number of asset objects unloaded after import = 2

========================================================================
Received Import Request.
  Time since last request: 0.000035 seconds.
  path: Assets/[Resources] Gesture Management [3]/[Resources] Gesture Management [3]/Dock/Materials/Dock Hearts.mat
  artifactKey: Guid(2bab87848c16a3846a7ae868e6c264d4) Importer(815301076,1909f56bfc062723c751e8b465ee728b)
Start importing Assets/[Resources] Gesture Management [3]/[Resources] Gesture Management [3]/Dock/Materials/Dock Hearts.mat using Guid(2bab87848c16a3846a7ae868e6c264d4) Importer(815301076,1909f56bfc062723c751e8b465ee728b) (PreviewImporter) -> (artifact id: '5a386d708e9159b44661884859f53b0a') in 0.056588 seconds
Number of updated asset objects reloaded before import = 0Number of asset objects unloaded after import = 2

========================================================================
Received Import Request.
  Time since last request: 8.652961 seconds.
  path: Assets/Card Prefabs/C2.prefab
  artifactKey: Guid(450022300ddc6114dbef4e216cf1df48) Importer(815301076,1909f56bfc062723c751e8b465ee728b)
Start importing Assets/Card Prefabs/C2.prefab using Guid(450022300ddc6114dbef4e216cf1df48) Importer(815301076,1909f56bfc062723c751e8b465ee728b) (PreviewImporter) -> (artifact id: 'ae7853f6b1f2ed2c4dce032de336cafa') in 0.0736322 seconds
Number of updated asset objects reloaded before import = 0Number of asset objects unloaded after import = 47

========================================================================
Received Import Request.
  Time since last request: 0.000027 seconds.
  path: Assets/Card Prefabs/C8.prefab
  artifactKey: Guid(e35bb05749f8f244ba52eba7e422c9b5) Importer(815301076,1909f56bfc062723c751e8b465ee728b)
Start importing Assets/Card Prefabs/C8.prefab using Guid(e35bb05749f8f244ba52eba7e422c9b5) Importer(815301076,1909f56bfc062723c751e8b465ee728b) (PreviewImporter) -> (artifact id: '02f05864a4c78786956fafe7b27fa34f') in 0.0219421 seconds
Number of updated asset objects reloaded before import = 0Number of asset objects unloaded after import = 47

========================================================================
Received Import Request.
  Time since last request: 0.000022 seconds.
  path: Assets/Card Prefabs/C4.prefab
  artifactKey: Guid(cc616f58c1952db419666cfb6b010e06) Importer(815301076,1909f56bfc062723c751e8b465ee728b)
Start importing Assets/Card Prefabs/C4.prefab using Guid(cc616f58c1952db419666cfb6b010e06) Importer(815301076,1909f56bfc062723c751e8b465ee728b) (PreviewImporter) -> (artifact id: '83f6458aaccc6cb2d6967ae9ed67b5ee') in 0.0203747 seconds
Number of updated asset objects reloaded before import = 0Number of asset objects unloaded after import = 47

========================================================================
Received Import Request.
  Time since last request: 0.000039 seconds.
  path: Assets/Card Prefabs/D1.prefab
  artifactKey: Guid(c5a5f9bbb557f834886cf77a283ae9b9) Importer(815301076,1909f56bfc062723c751e8b465ee728b)
Start importing Assets/Card Prefabs/D1.prefab using Guid(c5a5f9bbb557f834886cf77a283ae9b9) Importer(815301076,1909f56bfc062723c751e8b465ee728b) (PreviewImporter) -> (artifact id: 'ac0963f30c5f80a70be0a4bec4a16f6f') in 0.021029 seconds
Number of updated asset objects reloaded before import = 0Number of asset objects unloaded after import = 47

========================================================================
Received Import Request.
  Time since last request: 0.000047 seconds.
  path: Assets/Card Prefabs/D2.prefab
  artifactKey: Guid(c30c8262ca99ae640867358c658a124b) Importer(815301076,1909f56bfc062723c751e8b465ee728b)
Start importing Assets/Card Prefabs/D2.prefab using Guid(c30c8262ca99ae640867358c658a124b) Importer(815301076,1909f56bfc062723c751e8b465ee728b) (PreviewImporter) -> (artifact id: '7bbcafc054cf88329503b46b86230251') in 0.0278526 seconds
Number of updated asset objects reloaded before import = 0Number of asset objects unloaded after import = 47

========================================================================
Received Import Request.
  Time since last request: 0.000021 seconds.
  path: Assets/Card Prefabs/D5.prefab
  artifactKey: Guid(c8cbdadc551c2344caef516f04f79918) Importer(815301076,1909f56bfc062723c751e8b465ee728b)
Start importing Assets/Card Prefabs/D5.prefab using Guid(c8cbdadc551c2344caef516f04f79918) Importer(815301076,1909f56bfc062723c751e8b465ee728b) (PreviewImporter) -> (artifact id: 'd65024ad45ddb14d1d431464f26042b7') in 0.0221342 seconds
Number of updated asset objects reloaded before import = 0Number of asset objects unloaded after import = 47

========================================================================
Received Import Request.
  Time since last request: 0.000042 seconds.
  path: Assets/Card Prefabs/D8.prefab
  artifactKey: Guid(122e37b1f9bd35b498f468d3dd75d189) Importer(815301076,1909f56bfc062723c751e8b465ee728b)
Start importing Assets/Card Prefabs/D8.prefab using Guid(122e37b1f9bd35b498f468d3dd75d189) Importer(815301076,1909f56bfc062723c751e8b465ee728b) (PreviewImporter) -> (artifact id: 'ab1eb9728a75ed974a619344025ddd8b') in 0.0313601 seconds
Number of updated asset objects reloaded before import = 0Number of asset objects unloaded after import = 47

========================================================================
Received Import Request.
  Time since last request: 0.000035 seconds.
  path: Assets/Card Prefabs/D11.prefab
  artifactKey: Guid(e33ec023e0178cd42bdbd16a5fcd59f2) Importer(815301076,1909f56bfc062723c751e8b465ee728b)
Start importing Assets/Card Prefabs/D11.prefab using Guid(e33ec023e0178cd42bdbd16a5fcd59f2) Importer(815301076,1909f56bfc062723c751e8b465ee728b) (PreviewImporter) -> (artifact id: '3eb805052977f354badfeddaf98f8cae') in 0.0268373 seconds
Number of updated asset objects reloaded before import = 0Number of asset objects unloaded after import = 47

========================================================================
Received Import Request.
  Time since last request: 0.000030 seconds.
  path: Assets/Card Prefabs/D13.prefab
  artifactKey: Guid(00d651efa38766f4f8075e14e738f961) Importer(815301076,1909f56bfc062723c751e8b465ee728b)
Start importing Assets/Card Prefabs/D13.prefab using Guid(00d651efa38766f4f8075e14e738f961) Importer(815301076,1909f56bfc062723c751e8b465ee728b) (PreviewImporter) -> (artifact id: '4615637e2d17fbc4fa3b04dc22972398') in 0.0299042 seconds
Number of updated asset objects reloaded before import = 0Number of asset objects unloaded after import = 47

========================================================================
Received Import Request.
  Time since last request: 0.000039 seconds.
  path: Assets/Card Prefabs/H3.prefab
  artifactKey: Guid(b743b9ddee7176947a29d692a8608a80) Importer(815301076,1909f56bfc062723c751e8b465ee728b)
Start importing Assets/Card Prefabs/H3.prefab using Guid(b743b9ddee7176947a29d692a8608a80) Importer(815301076,1909f56bfc062723c751e8b465ee728b) (PreviewImporter) -> (artifact id: '186e1b42a0c4e80a6ff848eaf5b31ee6') in 0.0281258 seconds
Number of updated asset objects reloaded before import = 0Number of asset objects unloaded after import = 47

========================================================================
Received Import Request.
  Time since last request: 0.000027 seconds.
  path: Assets/Card Prefabs/H2.prefab
  artifactKey: Guid(93be4c7756cfb424fbc50e298b6e8f63) Importer(815301076,1909f56bfc062723c751e8b465ee728b)
Start importing Assets/Card Prefabs/H2.prefab using Guid(93be4c7756cfb424fbc50e298b6e8f63) Importer(815301076,1909f56bfc062723c751e8b465ee728b) (PreviewImporter) -> (artifact id: '7f838770b6cc084ab9c6b22de73ccace') in 0.036742 seconds
Number of updated asset objects reloaded before import = 0Number of asset objects unloaded after import = 47

========================================================================
Received Import Request.
  Time since last request: 0.000041 seconds.
  path: Assets/Card Prefabs/H8.prefab
  artifactKey: Guid(cc2da992bd4d6e24ca19149a8509961b) Importer(815301076,1909f56bfc062723c751e8b465ee728b)
Start importing Assets/Card Prefabs/H8.prefab using Guid(cc2da992bd4d6e24ca19149a8509961b) Importer(815301076,1909f56bfc062723c751e8b465ee728b) (PreviewImporter) -> (artifact id: '5c65826724e1e4580ff1382fa55c16f5') in 0.0332277 seconds
Number of updated asset objects reloaded before import = 0Number of asset objects unloaded after import = 47

========================================================================
Received Import Request.
  Time since last request: 0.000071 seconds.
  path: Assets/Card Prefabs/H10.prefab
  artifactKey: Guid(985078d62e0bd6d488779fa875017607) Importer(815301076,1909f56bfc062723c751e8b465ee728b)
Start importing Assets/Card Prefabs/H10.prefab using Guid(985078d62e0bd6d488779fa875017607) Importer(815301076,1909f56bfc062723c751e8b465ee728b) (PreviewImporter) -> (artifact id: 'a955aa51f8cdd4d09c93331b88179283') in 0.0428187 seconds
Number of updated asset objects reloaded before import = 0Number of asset objects unloaded after import = 47

========================================================================
Received Import Request.
  Time since last request: 0.000036 seconds.
  path: Assets/Card Prefabs/H12.prefab
  artifactKey: Guid(c11128cefc11ca14490c7dad06688342) Importer(815301076,1909f56bfc062723c751e8b465ee728b)
Start importing Assets/Card Prefabs/H12.prefab using Guid(c11128cefc11ca14490c7dad06688342) Importer(815301076,1909f56bfc062723c751e8b465ee728b) (PreviewImporter) -> (artifact id: '24cb3e1766261dba9d1c8c7e7aa10aba') in 0.0369989 seconds
Number of updated asset objects reloaded before import = 0Number of asset objects unloaded after import = 47

========================================================================
Received Import Request.
  Time since last request: 0.000022 seconds.
  path: Assets/Card Prefabs/H9.prefab
  artifactKey: Guid(0303831a9dd6e114498dab3b2715fa88) Importer(815301076,1909f56bfc062723c751e8b465ee728b)
Start importing Assets/Card Prefabs/H9.prefab using Guid(0303831a9dd6e114498dab3b2715fa88) Importer(815301076,1909f56bfc062723c751e8b465ee728b) (PreviewImporter) -> (artifact id: '564c59b19f6e74106d251a73200e0913') in 0.0311384 seconds
Number of updated asset objects reloaded before import = 0Number of asset objects unloaded after import = 47

========================================================================
Received Import Request.
  Time since last request: 0.000034 seconds.
  path: Assets/Card Prefabs/S4.prefab
  artifactKey: Guid(f8059bbf1b02a0844a48b4180cb93c9b) Importer(815301076,1909f56bfc062723c751e8b465ee728b)
Start importing Assets/Card Prefabs/S4.prefab using Guid(f8059bbf1b02a0844a48b4180cb93c9b) Importer(815301076,1909f56bfc062723c751e8b465ee728b) (PreviewImporter) -> (artifact id: '2dd9081b6fb20d2c18598c5f4dcfb88b') in 0.031434 seconds
Number of updated asset objects reloaded before import = 0Number of asset objects unloaded after import = 47

========================================================================
Received Import Request.
  Time since last request: 0.000032 seconds.
  path: Assets/Card Prefabs/S8.prefab
  artifactKey: Guid(edc5a2c43d5bbc343913e25a0927a1b7) Importer(815301076,1909f56bfc062723c751e8b465ee728b)
Start importing Assets/Card Prefabs/S8.prefab using Guid(edc5a2c43d5bbc343913e25a0927a1b7) Importer(815301076,1909f56bfc062723c751e8b465ee728b) (PreviewImporter) -> (artifact id: '4d3cc0aebbc374cbf3f4a612f2cc015d') in 0.0320151 seconds
Number of updated asset objects reloaded before import = 0Number of asset objects unloaded after import = 47

========================================================================
Received Import Request.
  Time since last request: 0.000040 seconds.
  path: Assets/Card Prefabs/S9.prefab
  artifactKey: Guid(c0d7c4d25e807b04793f05dcd314d687) Importer(815301076,1909f56bfc062723c751e8b465ee728b)
Start importing Assets/Card Prefabs/S9.prefab using Guid(c0d7c4d25e807b04793f05dcd314d687) Importer(815301076,1909f56bfc062723c751e8b465ee728b) (PreviewImporter) -> (artifact id: 'f484d13407703e626e7b076c44a8d9ea') in 0.0320616 seconds
Number of updated asset objects reloaded before import = 0Number of asset objects unloaded after import = 47

========================================================================
Received Import Request.
  Time since last request: 0.000105 seconds.
  path: Assets/Card Prefabs/S12.prefab
  artifactKey: Guid(6940626a40c0274448af46e79442cd5c) Importer(815301076,1909f56bfc062723c751e8b465ee728b)
Start importing Assets/Card Prefabs/S12.prefab using Guid(6940626a40c0274448af46e79442cd5c) Importer(815301076,1909f56bfc062723c751e8b465ee728b) (PreviewImporter) -> (artifact id: '756a669b852fec84f00c272331931681') in 0.0485012 seconds
Number of updated asset objects reloaded before import = 0Number of asset objects unloaded after import = 47

========================================================================
Received Import Request.
  Time since last request: 0.000066 seconds.
  path: Assets/Card Prefabs/S11.prefab
  artifactKey: Guid(281cff554634bbc418a3c9f2e509f09a) Importer(815301076,1909f56bfc062723c751e8b465ee728b)
Start importing Assets/Card Prefabs/S11.prefab using Guid(281cff554634bbc418a3c9f2e509f09a) Importer(815301076,1909f56bfc062723c751e8b465ee728b) (PreviewImporter) -> (artifact id: '1a9c422296103030f20535bf778e607f') in 0.0450046 seconds
Number of updated asset objects reloaded before import = 0Number of asset objects unloaded after import = 47

========================================================================
Received Import Request.
  Time since last request: 0.000040 seconds.
  path: Assets/Card Prefabs/C5.prefab
  artifactKey: Guid(12e3352a6f8efd546b7df2bd57842f73) Importer(815301076,1909f56bfc062723c751e8b465ee728b)
Start importing Assets/Card Prefabs/C5.prefab using Guid(12e3352a6f8efd546b7df2bd57842f73) Importer(815301076,1909f56bfc062723c751e8b465ee728b) (PreviewImporter) -> (artifact id: 'a10ef7333b13a93df46ccc254e1c2a02') in 0.0552152 seconds
Number of updated asset objects reloaded before import = 0Number of asset objects unloaded after import = 47

========================================================================
Received Import Request.
  Time since last request: 0.000050 seconds.
  path: Assets/Card Prefabs/S1.prefab
  artifactKey: Guid(e138971e487b5c44d90da26fc66420ce) Importer(815301076,1909f56bfc062723c751e8b465ee728b)
Start importing Assets/Card Prefabs/S1.prefab using Guid(e138971e487b5c44d90da26fc66420ce) Importer(815301076,1909f56bfc062723c751e8b465ee728b) (PreviewImporter) -> (artifact id: 'ec8825afb4ee10ba6276552299f72d29') in 0.0597521 seconds
Number of updated asset objects reloaded before import = 0Number of asset objects unloaded after import = 47

========================================================================
Received Import Request.
  Time since last request: 0.000033 seconds.
  path: Assets/Card Prefabs/C7.prefab
  artifactKey: Guid(6733ae6e99340a446881d2e1f381dc90) Importer(815301076,1909f56bfc062723c751e8b465ee728b)
Start importing Assets/Card Prefabs/C7.prefab using Guid(6733ae6e99340a446881d2e1f381dc90) Importer(815301076,1909f56bfc062723c751e8b465ee728b) (PreviewImporter) -> (artifact id: '055c5be2b5caeab03688c5a73b5bf47d') in 0.0632542 seconds
Number of updated asset objects reloaded before import = 0Number of asset objects unloaded after import = 47

========================================================================
Received Import Request.
  Time since last request: 0.000062 seconds.
  path: Assets/Card Prefabs/D9.prefab
  artifactKey: Guid(067e68c5acb09a5408a7c09da12d7558) Importer(815301076,1909f56bfc062723c751e8b465ee728b)
Start importing Assets/Card Prefabs/D9.prefab using Guid(067e68c5acb09a5408a7c09da12d7558) Importer(815301076,1909f56bfc062723c751e8b465ee728b) (PreviewImporter) -> (artifact id: 'fdd8410487c04d87012f694b99e4021c') in 0.0786483 seconds
Number of updated asset objects reloaded before import = 0Number of asset objects unloaded after import = 47

========================================================================
Received Import Request.
  Time since last request: 0.000070 seconds.
  path: Assets/Card Prefabs/S6.prefab
  artifactKey: Guid(d3684e3d7f5ea6f48831d5555f91d90f) Importer(815301076,1909f56bfc062723c751e8b465ee728b)
Start importing Assets/Card Prefabs/S6.prefab using Guid(d3684e3d7f5ea6f48831d5555f91d90f) Importer(815301076,1909f56bfc062723c751e8b465ee728b) (PreviewImporter) -> (artifact id: '58c40e8210ff961cb3194aaa8a427356') in 0.0626238 seconds
Number of updated asset objects reloaded before import = 0Number of asset objects unloaded after import = 47

========================================================================
Received Prepare
Begin MonoManager ReloadAssembly
Symbol file LoadedFromMemory doesn't match image C:\Users\ASUS\Documents\GitHub\Seatwork-1-APDEV\Library\PackageCache\com.unity.visualscripting@1.8.0\Editor\VisualScripting.Core\Dependencies\YamlDotNet\Unity.VisualScripting.YamlDotNet.dll
Symbol file LoadedFromMemory doesn't match image C:\Users\ASUS\Documents\GitHub\Seatwork-1-APDEV\Library\PackageCache\com.unity.visualscripting@1.8.0\Editor\VisualScripting.Core\Dependencies\DotNetZip\Unity.VisualScripting.IonicZip.dll
- Loaded All Assemblies, in  1.157 seconds
Refreshing native plugins compatible for Editor in 5.46 ms, found 3 plugins.
Native extension for iOS target not found
Native extension for Android target not found
Native extension for WindowsStandalone target not found
Mono: successfully reloaded assembly
[Package Manager] Failed to launch server process. Reason: Unity was launched with the -noUpm command-line argument
[Package Manager] Unable to send message (not connected to server process).
[Package Manager] Cannot connect to Unity Package Manager local server
- Finished resetting the current domain, in  3.288 seconds
Domain Reload Profiling: 4442ms
	BeginReloadAssembly (338ms)
		ExecutionOrderSort (0ms)
		DisableScriptedObjects (8ms)
		BackupInstance (0ms)
		ReleaseScriptingObjects (0ms)
		CreateAndSetChildDomain (84ms)
	RebuildCommonClasses (67ms)
	RebuildNativeTypeToScriptingClass (27ms)
	initialDomainReloadingComplete (64ms)
	LoadAllAssembliesAndSetupDomain (655ms)
		LoadAssemblies (616ms)
		RebuildTransferFunctionScriptingTraits (0ms)
		AnalyzeDomain (222ms)
			TypeCache.Refresh (27ms)
				TypeCache.ScanAssembly (0ms)
			BuildScriptInfoCaches (182ms)
			ResolveRequiredComponents (9ms)
	FinalizeReload (3290ms)
		ReleaseScriptCaches (0ms)
		RebuildScriptCaches (0ms)
		SetupLoadedEditorAssemblies (2180ms)
			LogAssemblyErrors (0ms)
			InitializePlatformSupportModulesInManaged (109ms)
			SetLoadedEditorAssemblies (20ms)
			BeforeProcessingInitializeOnLoad (282ms)
			ProcessInitializeOnLoadAttributes (1671ms)
			ProcessInitializeOnLoadMethodAttributes (80ms)
			AfterProcessingInitializeOnLoad (17ms)
			EditorAssembliesLoaded (1ms)
		ExecutionOrderSort2 (0ms)
		AwakeInstancesAfterBackupRestoration (26ms)
Refreshing native plugins compatible for Editor in 6.96 ms, found 3 plugins.
Preloading 0 native plugins for Editor in 0.00 ms.
Unloading 0 Unused Serialized files (Serialized files now loaded: 0)
Unloading 3302 unused Assets / (1.1 MB). Loaded Objects now: 3915.
Memory consumption went from 103.6 MB to 102.5 MB.
Total: 31.119800 ms (FindLiveObjects: 2.668900 ms CreateObjectMapping: 2.377600 ms MarkObjects: 19.678000 ms  DeleteObjects: 6.386900 ms)

Prepare: number of updated asset objects reloaded= 0
========================================================================
Received Import Request.
  Time since last request: 68.831719 seconds.
  path: Assets/Dock Cards/Dock Diamonds.prefab
  artifactKey: Guid(0ccf84bfe96f1c24aa261d852803c7ed) Importer(815301076,1909f56bfc062723c751e8b465ee728b)
Start importing Assets/Dock Cards/Dock Diamonds.prefab using Guid(0ccf84bfe96f1c24aa261d852803c7ed) Importer(815301076,1909f56bfc062723c751e8b465ee728b) (PreviewImporter) -> (artifact id: 'a7ad5d97a517b560518865c3a4e2c1b7') in 0.2356849 seconds
Number of updated asset objects reloaded before import = 0Number of asset objects unloaded after import = 10

========================================================================
Received Import Request.
  Time since last request: 0.000046 seconds.
  path: Assets/Dock Cards/Dock Spades.prefab
  artifactKey: Guid(614e06dba71513547b9587439d4ad798) Importer(815301076,1909f56bfc062723c751e8b465ee728b)
Start importing Assets/Dock Cards/Dock Spades.prefab using Guid(614e06dba71513547b9587439d4ad798) Importer(815301076,1909f56bfc062723c751e8b465ee728b) (PreviewImporter) -> (artifact id: '8606ac790eb4d9ef421b719e12574cee') in 0.0284616 seconds
Number of updated asset objects reloaded before import = 0Number of asset objects unloaded after import = 10

========================================================================
Received Prepare
Refreshing native plugins compatible for Editor in 4.62 ms, found 3 plugins.
Preloading 0 native plugins for Editor in 0.00 ms.
Unloading 0 Unused Serialized files (Serialized files now loaded: 0)
Unloading 3285 unused Assets / (1.4 MB). Loaded Objects now: 3916.
Memory consumption went from 103.8 MB to 102.4 MB.
Total: 28.535900 ms (FindLiveObjects: 0.906300 ms CreateObjectMapping: 1.122400 ms MarkObjects: 23.476600 ms  DeleteObjects: 3.027900 ms)

Prepare: number of updated asset objects reloaded= 0
========================================================================
Received Import Request.
  Time since last request: 1669.132616 seconds.
  path: Assets/Card Prefabs/S9.prefab
  artifactKey: Guid(c0d7c4d25e807b04793f05dcd314d687) Importer(815301076,1909f56bfc062723c751e8b465ee728b)
Start importing Assets/Card Prefabs/S9.prefab using Guid(c0d7c4d25e807b04793f05dcd314d687) Importer(815301076,1909f56bfc062723c751e8b465ee728b) (PreviewImporter) -> (artifact id: '9f1091b56a640eeb1f9d6298287830c1') in 0.0870761 seconds
Number of updated asset objects reloaded before import = 0Number of asset objects unloaded after import = 47

========================================================================
Received Import Request.
  Time since last request: 0.000047 seconds.
  path: Assets/Card Prefabs/H13.prefab
  artifactKey: Guid(b3c579fb9f571a143a42113b7e221d69) Importer(815301076,1909f56bfc062723c751e8b465ee728b)
Start importing Assets/Card Prefabs/H13.prefab using Guid(b3c579fb9f571a143a42113b7e221d69) Importer(815301076,1909f56bfc062723c751e8b465ee728b) (PreviewImporter) -> (artifact id: '638dd30eb3042c5aea0f005a9ecabce5') in 0.0447792 seconds
Number of updated asset objects reloaded before import = 0Number of asset objects unloaded after import = 47

========================================================================
Received Import Request.
  Time since last request: 0.000025 seconds.
  path: Assets/Card Prefabs/D1.prefab
  artifactKey: Guid(c5a5f9bbb557f834886cf77a283ae9b9) Importer(815301076,1909f56bfc062723c751e8b465ee728b)
Start importing Assets/Card Prefabs/D1.prefab using Guid(c5a5f9bbb557f834886cf77a283ae9b9) Importer(815301076,1909f56bfc062723c751e8b465ee728b) (PreviewImporter) -> (artifact id: 'deb872aad2afdfa44ce4ef9d448d7db0') in 0.0188796 seconds
Number of updated asset objects reloaded before import = 0Number of asset objects unloaded after import = 47

========================================================================
Received Import Request.
  Time since last request: 0.000035 seconds.
  path: Assets/Card Prefabs/H10.prefab
  artifactKey: Guid(985078d62e0bd6d488779fa875017607) Importer(815301076,1909f56bfc062723c751e8b465ee728b)
Start importing Assets/Card Prefabs/H10.prefab using Guid(985078d62e0bd6d488779fa875017607) Importer(815301076,1909f56bfc062723c751e8b465ee728b) (PreviewImporter) -> (artifact id: '83cb1e440c44934926003b82ac531933') in 0.0321135 seconds
Number of updated asset objects reloaded before import = 0Number of asset objects unloaded after import = 47

========================================================================
Received Import Request.
  Time since last request: 0.000034 seconds.
  path: Assets/Card Prefabs/D6.prefab
  artifactKey: Guid(118153ed37ff11c49b0b747e317d5b9c) Importer(815301076,1909f56bfc062723c751e8b465ee728b)
Start importing Assets/Card Prefabs/D6.prefab using Guid(118153ed37ff11c49b0b747e317d5b9c) Importer(815301076,1909f56bfc062723c751e8b465ee728b) (PreviewImporter) -> (artifact id: 'e2ed88a2fe9eef1e6748cc3a0f54378d') in 0.0235049 seconds
Number of updated asset objects reloaded before import = 0Number of asset objects unloaded after import = 47

========================================================================
Received Import Request.
  Time since last request: 0.000044 seconds.
  path: Assets/Card Prefabs/S3.prefab
  artifactKey: Guid(302f1799baa6f8249a09d8f3f928f671) Importer(815301076,1909f56bfc062723c751e8b465ee728b)
Start importing Assets/Card Prefabs/S3.prefab using Guid(302f1799baa6f8249a09d8f3f928f671) Importer(815301076,1909f56bfc062723c751e8b465ee728b) (PreviewImporter) -> (artifact id: '1dd018de81de5e7c0001424a2b80325e') in 0.0676675 seconds
Number of updated asset objects reloaded before import = 0Number of asset objects unloaded after import = 47

========================================================================
Received Import Request.
  Time since last request: 0.000049 seconds.
  path: Assets/Card Prefabs/D5.prefab
  artifactKey: Guid(c8cbdadc551c2344caef516f04f79918) Importer(815301076,1909f56bfc062723c751e8b465ee728b)
Start importing Assets/Card Prefabs/D5.prefab using Guid(c8cbdadc551c2344caef516f04f79918) Importer(815301076,1909f56bfc062723c751e8b465ee728b) (PreviewImporter) -> (artifact id: '278268a9b149bf7b6ce7788dd40d481b') in 0.0276244 seconds
Number of updated asset objects reloaded before import = 0Number of asset objects unloaded after import = 47

========================================================================
Received Import Request.
  Time since last request: 0.000024 seconds.
  path: Assets/Card Prefabs/D4.prefab
  artifactKey: Guid(3469978de13df4b42904c48b7c9b25e6) Importer(815301076,1909f56bfc062723c751e8b465ee728b)
Start importing Assets/Card Prefabs/D4.prefab using Guid(3469978de13df4b42904c48b7c9b25e6) Importer(815301076,1909f56bfc062723c751e8b465ee728b) (PreviewImporter) -> (artifact id: '4b2ad6941d8b9c80a12a207c64925264') in 0.0221014 seconds
Number of updated asset objects reloaded before import = 0Number of asset objects unloaded after import = 47

========================================================================
Received Import Request.
  Time since last request: 0.000030 seconds.
  path: Assets/Card Prefabs/C10.prefab
  artifactKey: Guid(75ab79e3e1ad0b04dae58b12284e3bf5) Importer(815301076,1909f56bfc062723c751e8b465ee728b)
Start importing Assets/Card Prefabs/C10.prefab using Guid(75ab79e3e1ad0b04dae58b12284e3bf5) Importer(815301076,1909f56bfc062723c751e8b465ee728b) (PreviewImporter) -> (artifact id: '24fee611c0e26ddcfaa66d253edcaf57') in 0.0246087 seconds
Number of updated asset objects reloaded before import = 0Number of asset objects unloaded after import = 47

========================================================================
Received Import Request.
  Time since last request: 0.000028 seconds.
  path: Assets/Card Prefabs/H7.prefab
  artifactKey: Guid(ba140985f7151a6488488940d00aab97) Importer(815301076,1909f56bfc062723c751e8b465ee728b)
Start importing Assets/Card Prefabs/H7.prefab using Guid(ba140985f7151a6488488940d00aab97) Importer(815301076,1909f56bfc062723c751e8b465ee728b) (PreviewImporter) -> (artifact id: '3a641568db41d633eed7d9b664a1ac67') in 0.0187214 seconds
Number of updated asset objects reloaded before import = 0Number of asset objects unloaded after import = 47

========================================================================
Received Import Request.
  Time since last request: 0.000104 seconds.
  path: Assets/Card Prefabs/C6.prefab
  artifactKey: Guid(3860c728cc3ce5248a98f0820fb9da83) Importer(815301076,1909f56bfc062723c751e8b465ee728b)
Start importing Assets/Card Prefabs/C6.prefab using Guid(3860c728cc3ce5248a98f0820fb9da83) Importer(815301076,1909f56bfc062723c751e8b465ee728b) (PreviewImporter) -> (artifact id: 'efb995d7e834207341d95af49a3284da') in 0.0247517 seconds
Number of updated asset objects reloaded before import = 0Number of asset objects unloaded after import = 47

========================================================================
Received Import Request.
  Time since last request: 0.000022 seconds.
  path: Assets/Card Prefabs/C11.prefab
  artifactKey: Guid(a5786d2c27f822e43a841f2aa5128635) Importer(815301076,1909f56bfc062723c751e8b465ee728b)
Start importing Assets/Card Prefabs/C11.prefab using Guid(a5786d2c27f822e43a841f2aa5128635) Importer(815301076,1909f56bfc062723c751e8b465ee728b) (PreviewImporter) -> (artifact id: '3b7ad84df1fd6958d2cd04a2f2dbd32f') in 0.017044 seconds
Number of updated asset objects reloaded before import = 0Number of asset objects unloaded after import = 47

========================================================================
Received Import Request.
  Time since last request: 0.000048 seconds.
  path: Assets/Card Prefabs/D2.prefab
  artifactKey: Guid(c30c8262ca99ae640867358c658a124b) Importer(815301076,1909f56bfc062723c751e8b465ee728b)
Start importing Assets/Card Prefabs/D2.prefab using Guid(c30c8262ca99ae640867358c658a124b) Importer(815301076,1909f56bfc062723c751e8b465ee728b) (PreviewImporter) -> (artifact id: 'd8149b18b55d6426231178bcd4594cba') in 0.027304 seconds
Number of updated asset objects reloaded before import = 0Number of asset objects unloaded after import = 47

========================================================================
Received Import Request.
  Time since last request: 0.000037 seconds.
  path: Assets/Dock Cards/Dock Clubs.prefab
  artifactKey: Guid(624f199f7908b244c936bd4897226bc9) Importer(815301076,1909f56bfc062723c751e8b465ee728b)
Start importing Assets/Dock Cards/Dock Clubs.prefab using Guid(624f199f7908b244c936bd4897226bc9) Importer(815301076,1909f56bfc062723c751e8b465ee728b) (PreviewImporter) -> (artifact id: '84ad197c5ce1235037bd2271dcc678a5') in 0.0117397 seconds
Number of updated asset objects reloaded before import = 0Number of asset objects unloaded after import = 10

========================================================================
Received Import Request.
  Time since last request: 0.000019 seconds.
  path: Assets/Card Prefabs/S10.prefab
  artifactKey: Guid(f550afb9893db6349b2ef517f3661592) Importer(815301076,1909f56bfc062723c751e8b465ee728b)
Start importing Assets/Card Prefabs/S10.prefab using Guid(f550afb9893db6349b2ef517f3661592) Importer(815301076,1909f56bfc062723c751e8b465ee728b) (PreviewImporter) -> (artifact id: 'e75e1d71dc5e6394a4d1d3667625a51a') in 0.0329411 seconds
Number of updated asset objects reloaded before import = 0Number of asset objects unloaded after import = 47

========================================================================
Received Import Request.
  Time since last request: 0.000198 seconds.
  path: Assets/Card Prefabs/S4.prefab
  artifactKey: Guid(f8059bbf1b02a0844a48b4180cb93c9b) Importer(815301076,1909f56bfc062723c751e8b465ee728b)
Start importing Assets/Card Prefabs/S4.prefab using Guid(f8059bbf1b02a0844a48b4180cb93c9b) Importer(815301076,1909f56bfc062723c751e8b465ee728b) (PreviewImporter) -> (artifact id: 'daa718f4b6e4d5fad701854907087dfe') in 0.0271703 seconds
Number of updated asset objects reloaded before import = 0Number of asset objects unloaded after import = 47

========================================================================
Received Import Request.
  Time since last request: 0.000044 seconds.
  path: Assets/Card Prefabs/C9.prefab
  artifactKey: Guid(780489baf931060469507315d6f3f936) Importer(815301076,1909f56bfc062723c751e8b465ee728b)
Start importing Assets/Card Prefabs/C9.prefab using Guid(780489baf931060469507315d6f3f936) Importer(815301076,1909f56bfc062723c751e8b465ee728b) (PreviewImporter) -> (artifact id: '946456d0f7452346e796b353514a1d34') in 0.0202862 seconds
Number of updated asset objects reloaded before import = 0Number of asset objects unloaded after import = 47

========================================================================
Received Import Request.
  Time since last request: 0.000068 seconds.
  path: Assets/Card Prefabs/H2.prefab
  artifactKey: Guid(93be4c7756cfb424fbc50e298b6e8f63) Importer(815301076,1909f56bfc062723c751e8b465ee728b)
Start importing Assets/Card Prefabs/H2.prefab using Guid(93be4c7756cfb424fbc50e298b6e8f63) Importer(815301076,1909f56bfc062723c751e8b465ee728b) (PreviewImporter) -> (artifact id: 'fb0be36e7dd383bc1274999caeb5743f') in 0.042199 seconds
Number of updated asset objects reloaded before import = 0Number of asset objects unloaded after import = 47

========================================================================
Received Import Request.
  Time since last request: 0.000026 seconds.
  path: Assets/Card Prefabs/H6.prefab
  artifactKey: Guid(9a28983caade9a84cabb05fd546c3d63) Importer(815301076,1909f56bfc062723c751e8b465ee728b)
Start importing Assets/Card Prefabs/H6.prefab using Guid(9a28983caade9a84cabb05fd546c3d63) Importer(815301076,1909f56bfc062723c751e8b465ee728b) (PreviewImporter) -> (artifact id: 'ec1c7c51e5869a0f562c79d65fbe3cfa') in 0.0279245 seconds
Number of updated asset objects reloaded before import = 0Number of asset objects unloaded after import = 47

========================================================================
Received Import Request.
  Time since last request: 0.000031 seconds.
  path: Assets/Card Prefabs/S8.prefab
  artifactKey: Guid(edc5a2c43d5bbc343913e25a0927a1b7) Importer(815301076,1909f56bfc062723c751e8b465ee728b)
Start importing Assets/Card Prefabs/S8.prefab using Guid(edc5a2c43d5bbc343913e25a0927a1b7) Importer(815301076,1909f56bfc062723c751e8b465ee728b) (PreviewImporter) -> (artifact id: '3fab0200423d679ea794d61e8042d2aa') in 0.0356981 seconds
Number of updated asset objects reloaded before import = 0Number of asset objects unloaded after import = 47

========================================================================
Received Import Request.
  Time since last request: 0.000021 seconds.
  path: Assets/Card Prefabs/C13.prefab
  artifactKey: Guid(f218424ff2ba4804fb5b08d67721a150) Importer(815301076,1909f56bfc062723c751e8b465ee728b)
Start importing Assets/Card Prefabs/C13.prefab using Guid(f218424ff2ba4804fb5b08d67721a150) Importer(815301076,1909f56bfc062723c751e8b465ee728b) (PreviewImporter) -> (artifact id: 'aa1481c1fde0c037dada5d9de884abf8') in 0.0239717 seconds
Number of updated asset objects reloaded before import = 0Number of asset objects unloaded after import = 47

========================================================================
Received Import Request.
  Time since last request: 0.000037 seconds.
  path: Assets/Card Prefabs/H9.prefab
  artifactKey: Guid(0303831a9dd6e114498dab3b2715fa88) Importer(815301076,1909f56bfc062723c751e8b465ee728b)
Start importing Assets/Card Prefabs/H9.prefab using Guid(0303831a9dd6e114498dab3b2715fa88) Importer(815301076,1909f56bfc062723c751e8b465ee728b) (PreviewImporter) -> (artifact id: 'c3bec0c69869922de617c0848536547b') in 0.1030152 seconds
Number of updated asset objects reloaded before import = 0Number of asset objects unloaded after import = 47

========================================================================
Received Import Request.
  Time since last request: 0.000039 seconds.
  path: Assets/Card Prefabs/C8.prefab
  artifactKey: Guid(e35bb05749f8f244ba52eba7e422c9b5) Importer(815301076,1909f56bfc062723c751e8b465ee728b)
Start importing Assets/Card Prefabs/C8.prefab using Guid(e35bb05749f8f244ba52eba7e422c9b5) Importer(815301076,1909f56bfc062723c751e8b465ee728b) (PreviewImporter) -> (artifact id: 'c499653a127541d5be557fa6482ea982') in 0.057827 seconds
Number of updated asset objects reloaded before import = 0Number of asset objects unloaded after import = 47

========================================================================
Received Import Request.
  Time since last request: 0.000239 seconds.
  path: Assets/Card Prefabs/S6.prefab
  artifactKey: Guid(d3684e3d7f5ea6f48831d5555f91d90f) Importer(815301076,1909f56bfc062723c751e8b465ee728b)
Start importing Assets/Card Prefabs/S6.prefab using Guid(d3684e3d7f5ea6f48831d5555f91d90f) Importer(815301076,1909f56bfc062723c751e8b465ee728b) (PreviewImporter) -> (artifact id: '3ef2aa46358bd5aa008ec8eb15c203b6') in 0.0525455 seconds
Number of updated asset objects reloaded before import = 0Number of asset objects unloaded after import = 47

========================================================================
Received Import Request.
  Time since last request: 0.000036 seconds.
  path: Assets/Card Prefabs/S7.prefab
  artifactKey: Guid(36278eca9994e2e408a39e8f86c54484) Importer(815301076,1909f56bfc062723c751e8b465ee728b)
Start importing Assets/Card Prefabs/S7.prefab using Guid(36278eca9994e2e408a39e8f86c54484) Importer(815301076,1909f56bfc062723c751e8b465ee728b) (PreviewImporter) -> (artifact id: '6d2ad5eeb72df04e2f0ad6bcfb1a8b9b') in 0.0337278 seconds
Number of updated asset objects reloaded before import = 0Number of asset objects unloaded after import = 47

========================================================================
Received Import Request.
  Time since last request: 0.000033 seconds.
  path: Assets/Card Prefabs/D9.prefab
  artifactKey: Guid(067e68c5acb09a5408a7c09da12d7558) Importer(815301076,1909f56bfc062723c751e8b465ee728b)
Start importing Assets/Card Prefabs/D9.prefab using Guid(067e68c5acb09a5408a7c09da12d7558) Importer(815301076,1909f56bfc062723c751e8b465ee728b) (PreviewImporter) -> (artifact id: '551ee65545271483f3d3d5ef5edd2aab') in 0.0345077 seconds
Number of updated asset objects reloaded before import = 0Number of asset objects unloaded after import = 47

========================================================================
Received Import Request.
  Time since last request: 0.000041 seconds.
  path: Assets/Card Prefabs/H11.prefab
  artifactKey: Guid(dac13fe05a623de459cf2114d6c3684b) Importer(815301076,1909f56bfc062723c751e8b465ee728b)
Start importing Assets/Card Prefabs/H11.prefab using Guid(dac13fe05a623de459cf2114d6c3684b) Importer(815301076,1909f56bfc062723c751e8b465ee728b) (PreviewImporter) -> (artifact id: 'd07aadb72602dd9a83a3693c2d680aeb') in 0.0341525 seconds
Number of updated asset objects reloaded before import = 0Number of asset objects unloaded after import = 47

========================================================================
Received Prepare
Refreshing native plugins compatible for Editor in 5.90 ms, found 3 plugins.
Preloading 0 native plugins for Editor in 0.00 ms.
Unloading 0 Unused Serialized files (Serialized files now loaded: 0)
Unloading 3285 unused Assets / (0.9 MB). Loaded Objects now: 3916.
Memory consumption went from 103.9 MB to 103.0 MB.
Total: 15.620300 ms (FindLiveObjects: 0.877300 ms CreateObjectMapping: 1.266800 ms MarkObjects: 11.442700 ms  DeleteObjects: 2.031100 ms)

Prepare: number of updated asset objects reloaded= 0
========================================================================
Received Prepare
Begin MonoManager ReloadAssembly
Symbol file LoadedFromMemory doesn't match image C:\Users\ASUS\Documents\GitHub\Seatwork-1-APDEV\Library\PackageCache\com.unity.visualscripting@1.8.0\Editor\VisualScripting.Core\Dependencies\YamlDotNet\Unity.VisualScripting.YamlDotNet.dll
Symbol file LoadedFromMemory doesn't match image C:\Users\ASUS\Documents\GitHub\Seatwork-1-APDEV\Library\PackageCache\com.unity.visualscripting@1.8.0\Editor\VisualScripting.Core\Dependencies\DotNetZip\Unity.VisualScripting.IonicZip.dll
- Loaded All Assemblies, in  1.544 seconds
Refreshing native plugins compatible for Editor in 3.75 ms, found 3 plugins.
Native extension for iOS target not found
Native extension for Android target not found
Native extension for WindowsStandalone target not found
Mono: successfully reloaded assembly
[Package Manager] Failed to launch server process. Reason: Unity was launched with the -noUpm command-line argument
[Package Manager] Unable to send message (not connected to server process).
[Package Manager] Cannot connect to Unity Package Manager local server
- Finished resetting the current domain, in  1.390 seconds
Domain Reload Profiling: 2930ms
	BeginReloadAssembly (390ms)
		ExecutionOrderSort (0ms)
		DisableScriptedObjects (10ms)
		BackupInstance (0ms)
		ReleaseScriptingObjects (0ms)
		CreateAndSetChildDomain (114ms)
	RebuildCommonClasses (81ms)
	RebuildNativeTypeToScriptingClass (42ms)
	initialDomainReloadingComplete (54ms)
	LoadAllAssembliesAndSetupDomain (973ms)
		LoadAssemblies (926ms)
		RebuildTransferFunctionScriptingTraits (0ms)
		AnalyzeDomain (240ms)
			TypeCache.Refresh (18ms)
				TypeCache.ScanAssembly (1ms)
			BuildScriptInfoCaches (207ms)
			ResolveRequiredComponents (10ms)
	FinalizeReload (1391ms)
		ReleaseScriptCaches (0ms)
		RebuildScriptCaches (0ms)
		SetupLoadedEditorAssemblies (893ms)
			LogAssemblyErrors (0ms)
			InitializePlatformSupportModulesInManaged (91ms)
			SetLoadedEditorAssemblies (18ms)
			BeforeProcessingInitializeOnLoad (94ms)
			ProcessInitializeOnLoadAttributes (631ms)
			ProcessInitializeOnLoadMethodAttributes (45ms)
			AfterProcessingInitializeOnLoad (12ms)
			EditorAssembliesLoaded (1ms)
		ExecutionOrderSort2 (0ms)
		AwakeInstancesAfterBackupRestoration (21ms)
Refreshing native plugins compatible for Editor in 4.21 ms, found 3 plugins.
Preloading 0 native plugins for Editor in 0.00 ms.
Unloading 0 Unused Serialized files (Serialized files now loaded: 0)
Unloading 3302 unused Assets / (0.7 MB). Loaded Objects now: 3915.
Memory consumption went from 105.6 MB to 104.9 MB.
Total: 18.730000 ms (FindLiveObjects: 0.775700 ms CreateObjectMapping: 0.686000 ms MarkObjects: 14.210800 ms  DeleteObjects: 3.053700 ms)

Prepare: number of updated asset objects reloaded= 0
========================================================================
Received Import Request.
  Time since last request: 19.072589 seconds.
  path: Assets/Card Prefabs/H13.prefab
  artifactKey: Guid(b3c579fb9f571a143a42113b7e221d69) Importer(815301076,1909f56bfc062723c751e8b465ee728b)
Start importing Assets/Card Prefabs/H13.prefab using Guid(b3c579fb9f571a143a42113b7e221d69) Importer(815301076,1909f56bfc062723c751e8b465ee728b) (PreviewImporter) -> (artifact id: '295d6b4560b7cb56c07adb2c10dc21b9') in 0.3333131 seconds
Number of updated asset objects reloaded before import = 0Number of asset objects unloaded after import = 47

========================================================================
Received Import Request.
  Time since last request: 0.000030 seconds.
  path: Assets/Card Prefabs/S10.prefab
  artifactKey: Guid(f550afb9893db6349b2ef517f3661592) Importer(815301076,1909f56bfc062723c751e8b465ee728b)
Start importing Assets/Card Prefabs/S10.prefab using Guid(f550afb9893db6349b2ef517f3661592) Importer(815301076,1909f56bfc062723c751e8b465ee728b) (PreviewImporter) -> (artifact id: 'b58b0a2a469813ee99c8e984cfe638e2') in 0.0313487 seconds
Number of updated asset objects reloaded before import = 0Number of asset objects unloaded after import = 47

========================================================================
Received Import Request.
  Time since last request: 0.000048 seconds.
  path: Assets/Card Prefabs/H3.prefab
  artifactKey: Guid(b743b9ddee7176947a29d692a8608a80) Importer(815301076,1909f56bfc062723c751e8b465ee728b)
Start importing Assets/Card Prefabs/H3.prefab using Guid(b743b9ddee7176947a29d692a8608a80) Importer(815301076,1909f56bfc062723c751e8b465ee728b) (PreviewImporter) -> (artifact id: '9507da85d04e5bc3e01f4995afe50c08') in 0.0280518 seconds
Number of updated asset objects reloaded before import = 0Number of asset objects unloaded after import = 47

========================================================================
Received Import Request.
  Time since last request: 0.000028 seconds.
  path: Assets/Card Prefabs/H2.prefab
  artifactKey: Guid(93be4c7756cfb424fbc50e298b6e8f63) Importer(815301076,1909f56bfc062723c751e8b465ee728b)
Start importing Assets/Card Prefabs/H2.prefab using Guid(93be4c7756cfb424fbc50e298b6e8f63) Importer(815301076,1909f56bfc062723c751e8b465ee728b) (PreviewImporter) -> (artifact id: '27bca2f1d54c56593c4722d77158b954') in 0.0215282 seconds
Number of updated asset objects reloaded before import = 0Number of asset objects unloaded after import = 47

========================================================================
Received Import Request.
  Time since last request: 0.000048 seconds.
  path: Assets/Card Prefabs/S8.prefab
  artifactKey: Guid(edc5a2c43d5bbc343913e25a0927a1b7) Importer(815301076,1909f56bfc062723c751e8b465ee728b)
Start importing Assets/Card Prefabs/S8.prefab using Guid(edc5a2c43d5bbc343913e25a0927a1b7) Importer(815301076,1909f56bfc062723c751e8b465ee728b) (PreviewImporter) -> (artifact id: '449101916367cb8879f0b3f1c5c4f6ca') in 0.0452663 seconds
Number of updated asset objects reloaded before import = 0Number of asset objects unloaded after import = 47

========================================================================
Received Import Request.
  Time since last request: 0.000049 seconds.
  path: Assets/Card Prefabs/H9.prefab
  artifactKey: Guid(0303831a9dd6e114498dab3b2715fa88) Importer(815301076,1909f56bfc062723c751e8b465ee728b)
Start importing Assets/Card Prefabs/H9.prefab using Guid(0303831a9dd6e114498dab3b2715fa88) Importer(815301076,1909f56bfc062723c751e8b465ee728b) (PreviewImporter) -> (artifact id: 'bda9a6cf7fab2101237b8183e54c3bb6') in 0.0659307 seconds
Number of updated asset objects reloaded before import = 0Number of asset objects unloaded after import = 47

========================================================================
Received Import Request.
  Time since last request: 0.000032 seconds.
  path: Assets/Card Prefabs/C5.prefab
  artifactKey: Guid(12e3352a6f8efd546b7df2bd57842f73) Importer(815301076,1909f56bfc062723c751e8b465ee728b)
Start importing Assets/Card Prefabs/C5.prefab using Guid(12e3352a6f8efd546b7df2bd57842f73) Importer(815301076,1909f56bfc062723c751e8b465ee728b) (PreviewImporter) -> (artifact id: 'c52bfdb1df9984f59f543061324a4d44') in 0.0302857 seconds
Number of updated asset objects reloaded before import = 0Number of asset objects unloaded after import = 47

========================================================================
Received Import Request.
  Time since last request: 0.000039 seconds.
  path: Assets/Card Prefabs/H11.prefab
  artifactKey: Guid(dac13fe05a623de459cf2114d6c3684b) Importer(815301076,1909f56bfc062723c751e8b465ee728b)
Start importing Assets/Card Prefabs/H11.prefab using Guid(dac13fe05a623de459cf2114d6c3684b) Importer(815301076,1909f56bfc062723c751e8b465ee728b) (PreviewImporter) -> (artifact id: '4b1d03746af51c629d0f5e8a98d512c9') in 0.036697 seconds
Number of updated asset objects reloaded before import = 0Number of asset objects unloaded after import = 47

Editor requested this worker to shutdown with reason: Scaling down because of idle timeout
AssetImportWorker is now disconnected from the server
Process exiting
Exiting without the bug reporter. Application will terminate with return code 0